{"logTime": "0606/134101", "correlationVector":"asm1msY92i3X1DGtViyzdL.1","action":"SyncServerConnectionManagerRequest", "result":"SYNC_SERVER_OK", "context":{"environment":"Prod_southeastasia_prod-s01-065-apac-southeastasia", "migrationStage":"NotStarted", "server":"akswtt001000006"}}
{"logTime": "0606/134101", "correlationVector":"asm1msY92i3X1DGtViyzdL.2","action":"ProcessGetUpdates", "result":"Done", "context":{"dataType":"Encryption Keys", "deleted":"0", "process_failed_to_decrypt":"0", "process_pending_decryption":"0", "process_success":"1", "total":"1"}}
{"logTime": "0606/134102", "correlationVector":"xaIKLAqqTKezefxLQZAQ4O","action":"SyncServerConnectionManagerRequest", "result":"SYNC_SERVER_OK", "context":{"environment":"", "migrationStage":"", "server":""}}
{"logTime": "0606/134102", "correlationVector":"xaIKLAqqTKezefxLQZAQ4O.0","action":"EncryptionKeysFetcher.DownloadKeys:", "result":"Success", "context":Key count: 10, Last key timestamp: 2026-02-17T07:58:49Z}
{"logTime": "0606/134102", "correlationVector":"xaIKLAqqTKezefxLQZAQ4O.1","action":"EncryptionKeysManager::SetEncryptionKeys:", "result":"Success", "context":Key names[10]:[CDJ1oBUalPIow096lu5CMtO/0miez4UzfkWvrYvGO/21iCUsm7zUwXsw/PF9rN6AyfTA66xaEJagkkMjFr5/pA==][pK+lRQG3JV4iFtttU02+oRjzylYPSZ6nE5jK8kAnRRHqJZE749hrtDTYBdo6G4LmxpALpXhzPIVs4PqJRrg9AA==][ph53UGs71NNa2YpqNkKuGyTmoUkgH7npqC4uU0zR20VWBun0GB6jTDlr5P1qPPxbNddQwHLqWylUvj2ACAg/rQ==][5UYb80Cy7zx7JpN418TcqzVOcwBXC1Pi9NxUXvrwXsB53C2ysM5xChRSYjuk4MW8CRM6PGgEu2yXG4MNc0WYYg==][LU9PHMZmMi4RynJoHABBo/urL9C4dWBuFSep2YtTQjew4XYhPoBle3jaMQt5EBjM8IMSv9RXXBWoXWxUPRXx3g==][kiiVWMbBXmw7NYBryJcKLwPy8/V7Ht5lpC9Vyxd5z+IXeHsqQ0SD+UP9mCSUr8rgjKowHJehrYev22yjqrEGlA==][p4NBh13yudnoR/5bEzZh9f2UqdseZhMSBbYUSiqy6Um42HFJSO3X182NcCDdBVTSGx7ZIR3K9OcxbOaJkJKbbA==][1JIv1rtgMk3CVXFlZ4w56NXnvtTdISs0AyAjbQy61AhusfcnR9q5agvKpuOZKKahVElCUK1dttb6jmTXIsB9VQ==][UzH2tdJZ911MECjNY96EwOGiQyl2RCxeUDy2exG4sFVWODOcD13kycWRu0w1yaPsfrWw8qAL2OIGWhwP/mIY3A==][3djBFLpGeji6u3b/fppue9ABfhIwvTUjIqWc6QDfIeEpHsoQ8NAbi83RIVw/iZgES+hke9em899LBH62j7cNZA==]}
{"logTime": "0606/134102", "correlationVector":"xaIKLAqqTKezefxLQZAQ4O.2","action":"EncryptionKeysManager::SetEncryptionKeysWithTimestamps:", "result":"Success", "context":Key timestamps[10]:[2022-01-03T14:30:44Z][2022-11-16T12:38:16Z][2023-05-16T05:16:08Z][2023-11-12T16:06:42Z][2024-05-11T12:43:57Z][2024-06-18T14:22:30Z][2024-08-24T12:46:30Z][2025-02-20T15:33:04Z][2025-08-20T17:08:03Z][2026-02-17T07:58:49Z]}
{"logTime": "0606/134102", "correlationVector":"asm1msY92i3X1DGtViyzdL","action":"Initial GetUpdates", "result":"", "context":Reason: NEW_CLIENT. cV=asm1msY92i3X1DGtViyzdL}
{"logTime": "0606/134102", "correlationVector":"asm1msY92i3X1DGtViyzdL.3","action":"GetUpdates Response", "result":"Success", "context":Received 1 update(s). cV=asm1msY92i3X1DGtViyzdL.0;server=akswtt001000006;cloudType=Consumer;environment=Prod_southeastasia_prod-s01-065-apac-southeastasia;migrationStage=NotStarted}
{"logTime": "0606/134102", "correlationVector":"rMiCURWlkp8nQmZcUZFmBF","action":"Initial GetUpdates", "result":"", "context":Reason: NEWLY_SUPPORTED_DATATYPE. cV=rMiCURWlkp8nQmZcUZFmBF}
{"logTime": "0606/134102", "correlationVector":"rMiCURWlkp8nQmZcUZFmBF.1","action":"SyncServerConnectionManagerRequest", "result":"SYNC_SERVER_OK", "context":{"environment":"Prod_southeastasia_prod-s01-065-apac-southeastasia", "migrationStage":"NotStarted", "server":"akswtt00100000m"}}
{"logTime": "0606/134102", "correlationVector":"rMiCURWlkp8nQmZcUZFmBF.2","action":"ProcessGetUpdates", "result":"Done", "context":{"dataType":"Preferences", "deleted":"0", "process_failed_to_decrypt":"0", "process_pending_decryption":"0", "process_success":"104", "total":"104"}}
{"logTime": "0606/134102", "correlationVector":"rMiCURWlkp8nQmZcUZFmBF.3","action":"ProcessGetUpdates", "result":"Done", "context":{"dataType":"Passwords", "deleted":"2", "process_failed_to_decrypt":"0", "process_pending_decryption":"0", "process_success":"144", "total":"144"}}
{"logTime": "0606/134102", "correlationVector":"rMiCURWlkp8nQmZcUZFmBF.4","action":"ProcessGetUpdates", "result":"Done", "context":{"dataType":"Device Info", "deleted":"0", "process_failed_to_decrypt":"0", "process_pending_decryption":"0", "process_success":"2", "total":"2"}}
{"logTime": "0606/134102", "correlationVector":"rMiCURWlkp8nQmZcUZFmBF.5","action":"GetUpdates Response", "result":"Success", "context":Received 250 update(s). cV=rMiCURWlkp8nQmZcUZFmBF.0;server=akswtt00100000m;cloudType=Consumer;environment=Prod_southeastasia_prod-s01-065-apac-southeastasia;migrationStage=NotStarted Some updates remain.}
{"logTime": "0606/134102", "correlationVector":"v+fQX09V6+Kx6thH+d4je2","action":"Initial GetUpdates", "result":"", "context":Reason: NEWLY_SUPPORTED_DATATYPE. cV=v+fQX09V6+Kx6thH+d4je2}
{"logTime": "0606/134103", "correlationVector":"v+fQX09V6+Kx6thH+d4je2.1","action":"SyncServerConnectionManagerRequest", "result":"SYNC_SERVER_OK", "context":{"environment":"Prod_southeastasia_prod-s01-065-apac-southeastasia", "migrationStage":"NotStarted", "server":"akswtt001000007"}}
{"logTime": "0606/134103", "correlationVector":"v+fQX09V6+Kx6thH+d4je2.2","action":"ProcessGetUpdates", "result":"Done", "context":{"dataType":"Preferences", "deleted":"0", "process_failed_to_decrypt":"0", "process_pending_decryption":"0", "process_success":"15", "total":"15"}}
{"logTime": "0606/134103", "correlationVector":"v+fQX09V6+Kx6thH+d4je2.3","action":"ProcessGetUpdates", "result":"Done", "context":{"dataType":"Passwords", "deleted":"0", "process_failed_to_decrypt":"0", "process_pending_decryption":"0", "process_success":"12", "total":"12"}}
{"logTime": "0606/134103", "correlationVector":"v+fQX09V6+Kx6thH+d4je2.4","action":"ProcessGetUpdates", "result":"Done", "context":{"dataType":"Device Info", "deleted":"0", "process_failed_to_decrypt":"0", "process_pending_decryption":"0", "process_success":"2", "total":"2"}}
{"logTime": "0606/134103", "correlationVector":"v+fQX09V6+Kx6thH+d4je2.5","action":"GetUpdates Response", "result":"Success", "context":Received 29 update(s). cV=v+fQX09V6+Kx6thH+d4je2.0;server=akswtt001000007;cloudType=Consumer;environment=Prod_southeastasia_prod-s01-065-apac-southeastasia;migrationStage=NotStarted}
{"logTime": "0606/134103", "correlationVector":"xToLEJewB/FMwwcG6kaQkQ","action":"Initial GetUpdates", "result":"", "context":Reason: NEWLY_SUPPORTED_DATATYPE. cV=xToLEJewB/FMwwcG6kaQkQ}
{"logTime": "0606/134103", "correlationVector":"xToLEJewB/FMwwcG6kaQkQ.1","action":"SyncServerConnectionManagerRequest", "result":"SYNC_SERVER_OK", "context":{"environment":"Prod_southeastasia_prod-s01-065-apac-southeastasia", "migrationStage":"NotStarted", "server":"akswtt001000014"}}
{"logTime": "0606/134103", "correlationVector":"xToLEJewB/FMwwcG6kaQkQ.2","action":"ProcessGetUpdates", "result":"Done", "context":{"dataType":"Bookmarks", "deleted":"26", "process_failed_to_decrypt":"0", "process_pending_decryption":"0", "process_success":"89", "total":"89"}}
{"logTime": "0606/134103", "correlationVector":"xToLEJewB/FMwwcG6kaQkQ.3","action":"GetUpdates Response", "result":"Success", "context":Received 89 update(s). cV=xToLEJewB/FMwwcG6kaQkQ.0;server=akswtt001000014;cloudType=Consumer;environment=Prod_southeastasia_prod-s01-065-apac-southeastasia;migrationStage=NotStarted}
{"logTime": "0606/134103", "correlationVector":"WEMx90qOhT8GIB/LPUGX74","action":"Initial GetUpdates", "result":"", "context":Reason: NEWLY_SUPPORTED_DATATYPE. cV=WEMx90qOhT8GIB/LPUGX74}
{"logTime": "0606/134104", "correlationVector":"WEMx90qOhT8GIB/LPUGX74.1","action":"SyncServerConnectionManagerRequest", "result":"SYNC_SERVER_OK", "context":{"environment":"Prod_southeastasia_prod-s01-065-apac-southeastasia", "migrationStage":"NotStarted", "server":"akswtt001000014"}}
{"logTime": "0606/134104", "correlationVector":"WEMx90qOhT8GIB/LPUGX74.2","action":"ProcessGetUpdates", "result":"Done", "context":{"dataType":"Autofill Profiles", "deleted":"0", "process_failed_to_decrypt":"0", "process_pending_decryption":"0", "process_success":"18", "total":"18"}}
{"logTime": "0606/134104", "correlationVector":"WEMx90qOhT8GIB/LPUGX74.3","action":"ProcessGetUpdates", "result":"Done", "context":{"dataType":"Autofill", "deleted":"0", "process_failed_to_decrypt":"0", "process_pending_decryption":"0", "process_success":"227", "total":"227"}}
{"logTime": "0606/134104", "correlationVector":"WEMx90qOhT8GIB/LPUGX74.4","action":"ProcessGetUpdates", "result":"Done", "context":{"dataType":"Extensions", "deleted":"0", "process_failed_to_decrypt":"0", "process_pending_decryption":"0", "process_success":"1", "total":"1"}}
{"logTime": "0606/134104", "correlationVector":"WEMx90qOhT8GIB/LPUGX74.5","action":"ProcessGetUpdates", "result":"Done", "context":{"dataType":"Saved Tab Group", "deleted":"4", "process_failed_to_decrypt":"0", "process_pending_decryption":"0", "process_success":"4", "total":"4"}}
{"logTime": "0606/134104", "correlationVector":"WEMx90qOhT8GIB/LPUGX74.6","action":"GetUpdates Response", "result":"Success", "context":Received 250 update(s). cV=WEMx90qOhT8GIB/LPUGX74.0;server=akswtt001000014;cloudType=Consumer;environment=Prod_southeastasia_prod-s01-065-apac-southeastasia;migrationStage=NotStarted Some updates remain.}
{"logTime": "0606/134104", "correlationVector":"7ipIquwBN92KXZWp+glfdX","action":"Initial GetUpdates", "result":"", "context":Reason: NEWLY_SUPPORTED_DATATYPE. cV=7ipIquwBN92KXZWp+glfdX}
{"logTime": "0606/134104", "correlationVector":"7ipIquwBN92KXZWp+glfdX.1","action":"SyncServerConnectionManagerRequest", "result":"SYNC_SERVER_OK", "context":{"environment":"Prod_southeastasia_prod-s01-065-apac-southeastasia", "migrationStage":"NotStarted", "server":"akswtt00100000n"}}
{"logTime": "0606/134104", "correlationVector":"7ipIquwBN92KXZWp+glfdX.2","action":"ProcessGetUpdates", "result":"Done", "context":{"dataType":"Autofill Profiles", "deleted":"0", "process_failed_to_decrypt":"0", "process_pending_decryption":"0", "process_success":"38", "total":"38"}}
{"logTime": "0606/134104", "correlationVector":"7ipIquwBN92KXZWp+glfdX.3","action":"ProcessGetUpdates", "result":"Done", "context":{"dataType":"Autofill", "deleted":"0", "process_failed_to_decrypt":"0", "process_pending_decryption":"0", "process_success":"212", "total":"212"}}
{"logTime": "0606/134104", "correlationVector":"7ipIquwBN92KXZWp+glfdX.4","action":"GetUpdates Response", "result":"Success", "context":Received 250 update(s). cV=7ipIquwBN92KXZWp+glfdX.0;server=akswtt00100000n;cloudType=Consumer;environment=Prod_southeastasia_prod-s01-065-apac-southeastasia;migrationStage=NotStarted Some updates remain.}
{"logTime": "0606/134104", "correlationVector":"hO/VczmFcVwro1Kmxq/zVd","action":"Initial GetUpdates", "result":"", "context":Reason: NEWLY_SUPPORTED_DATATYPE. cV=hO/VczmFcVwro1Kmxq/zVd}
{"logTime": "0606/134105", "correlationVector":"hO/VczmFcVwro1Kmxq/zVd.1","action":"SyncServerConnectionManagerRequest", "result":"SYNC_SERVER_OK", "context":{"environment":"Prod_southeastasia_prod-s01-065-apac-southeastasia", "migrationStage":"NotStarted", "server":"akswtt001000001"}}
{"logTime": "0606/134105", "correlationVector":"hO/VczmFcVwro1Kmxq/zVd.2","action":"ProcessGetUpdates", "result":"Done", "context":{"dataType":"Autofill", "deleted":"0", "process_failed_to_decrypt":"0", "process_pending_decryption":"0", "process_success":"250", "total":"250"}}
{"logTime": "0606/134105", "correlationVector":"hO/VczmFcVwro1Kmxq/zVd.3","action":"GetUpdates Response", "result":"Success", "context":Received 250 update(s). cV=hO/VczmFcVwro1Kmxq/zVd.0;server=akswtt001000001;cloudType=Consumer;environment=Prod_southeastasia_prod-s01-065-apac-southeastasia;migrationStage=NotStarted Some updates remain.}
{"logTime": "0606/134105", "correlationVector":"azWqShqU5oZHm0dkeu1JoE","action":"Initial GetUpdates", "result":"", "context":Reason: NEWLY_SUPPORTED_DATATYPE. cV=azWqShqU5oZHm0dkeu1JoE}
{"logTime": "0606/134105", "correlationVector":"azWqShqU5oZHm0dkeu1JoE.1","action":"SyncServerConnectionManagerRequest", "result":"SYNC_SERVER_OK", "context":{"environment":"Prod_southeastasia_prod-s01-065-apac-southeastasia", "migrationStage":"NotStarted", "server":"akswtt00100001y"}}
{"logTime": "0606/134105", "correlationVector":"azWqShqU5oZHm0dkeu1JoE.2","action":"ProcessGetUpdates", "result":"Done", "context":{"dataType":"Autofill", "deleted":"0", "process_failed_to_decrypt":"0", "process_pending_decryption":"0", "process_success":"250", "total":"250"}}
{"logTime": "0606/134105", "correlationVector":"azWqShqU5oZHm0dkeu1JoE.3","action":"GetUpdates Response", "result":"Success", "context":Received 250 update(s). cV=azWqShqU5oZHm0dkeu1JoE.0;server=akswtt00100001y;cloudType=Consumer;environment=Prod_southeastasia_prod-s01-065-apac-southeastasia;migrationStage=NotStarted Some updates remain.}
{"logTime": "0606/134105", "correlationVector":"0YICZudd+xd91I7sTMzI8q","action":"Initial GetUpdates", "result":"", "context":Reason: NEWLY_SUPPORTED_DATATYPE. cV=0YICZudd+xd91I7sTMzI8q}
{"logTime": "0606/134106", "correlationVector":"0YICZudd+xd91I7sTMzI8q.1","action":"SyncServerConnectionManagerRequest", "result":"SYNC_SERVER_OK", "context":{"environment":"Prod_southeastasia_prod-s01-065-apac-southeastasia", "migrationStage":"NotStarted", "server":"akswtt00100001w"}}
{"logTime": "0606/134106", "correlationVector":"0YICZudd+xd91I7sTMzI8q.2","action":"ProcessGetUpdates", "result":"Done", "context":{"dataType":"Autofill Profiles", "deleted":"0", "process_failed_to_decrypt":"0", "process_pending_decryption":"0", "process_success":"2", "total":"2"}}
{"logTime": "0606/134106", "correlationVector":"0YICZudd+xd91I7sTMzI8q.3","action":"ProcessGetUpdates", "result":"Done", "context":{"dataType":"Autofill", "deleted":"0", "process_failed_to_decrypt":"0", "process_pending_decryption":"0", "process_success":"95", "total":"95"}}
{"logTime": "0606/134106", "correlationVector":"0YICZudd+xd91I7sTMzI8q.4","action":"ProcessGetUpdates", "result":"Done", "context":{"dataType":"Extensions", "deleted":"0", "process_failed_to_decrypt":"0", "process_pending_decryption":"0", "process_success":"1", "total":"1"}}
{"logTime": "0606/134106", "correlationVector":"0YICZudd+xd91I7sTMzI8q.5","action":"ProcessGetUpdates", "result":"Done", "context":{"dataType":"Sessions", "deleted":"150", "process_failed_to_decrypt":"0", "process_pending_decryption":"0", "process_success":"150", "total":"150"}}
{"logTime": "0606/134106", "correlationVector":"0YICZudd+xd91I7sTMzI8q.6","action":"ProcessGetUpdates", "result":"Done", "context":{"dataType":"Saved Tab Group", "deleted":"2", "process_failed_to_decrypt":"0", "process_pending_decryption":"0", "process_success":"2", "total":"2"}}
{"logTime": "0606/134106", "correlationVector":"0YICZudd+xd91I7sTMzI8q.7","action":"GetUpdates Response", "result":"Success", "context":Received 250 update(s). cV=0YICZudd+xd91I7sTMzI8q.0;server=akswtt00100001w;cloudType=Consumer;environment=Prod_southeastasia_prod-s01-065-apac-southeastasia;migrationStage=NotStarted Some updates remain.}
{"logTime": "0606/134106", "correlationVector":"YycNE2y2PMKibBn6mSfV6R","action":"Initial GetUpdates", "result":"", "context":Reason: NEWLY_SUPPORTED_DATATYPE. cV=YycNE2y2PMKibBn6mSfV6R}
{"logTime": "0606/134107", "correlationVector":"YycNE2y2PMKibBn6mSfV6R.1","action":"SyncServerConnectionManagerRequest", "result":"SYNC_SERVER_OK", "context":{"environment":"Prod_southeastasia_prod-s01-065-apac-southeastasia", "migrationStage":"NotStarted", "server":"akswtt00100000q"}}
{"logTime": "0606/134107", "correlationVector":"YycNE2y2PMKibBn6mSfV6R.2","action":"ProcessGetUpdates", "result":"Done", "context":{"dataType":"Autofill", "deleted":"0", "process_failed_to_decrypt":"0", "process_pending_decryption":"0", "process_success":"21", "total":"21"}}
{"logTime": "0606/134107", "correlationVector":"YycNE2y2PMKibBn6mSfV6R.3","action":"ProcessGetUpdates", "result":"Done", "context":{"dataType":"Extensions", "deleted":"0", "process_failed_to_decrypt":"0", "process_pending_decryption":"0", "process_success":"1", "total":"1"}}
{"logTime": "0606/134107", "correlationVector":"YycNE2y2PMKibBn6mSfV6R.4","action":"ProcessGetUpdates", "result":"Done", "context":{"dataType":"Sessions", "deleted":"219", "process_failed_to_decrypt":"0", "process_pending_decryption":"0", "process_success":"219", "total":"219"}}
{"logTime": "0606/134107", "correlationVector":"YycNE2y2PMKibBn6mSfV6R.5","action":"ProcessGetUpdates", "result":"Done", "context":{"dataType":"Saved Tab Group", "deleted":"7", "process_failed_to_decrypt":"0", "process_pending_decryption":"0", "process_success":"7", "total":"7"}}
{"logTime": "0606/134107", "correlationVector":"YycNE2y2PMKibBn6mSfV6R.6","action":"ProcessGetUpdates", "result":"Done", "context":{"dataType":"Edge Hub App Usage", "deleted":"2", "process_failed_to_decrypt":"0", "process_pending_decryption":"0", "process_success":"2", "total":"2"}}
{"logTime": "0606/134107", "correlationVector":"YycNE2y2PMKibBn6mSfV6R.7","action":"GetUpdates Response", "result":"Success", "context":Received 250 update(s). cV=YycNE2y2PMKibBn6mSfV6R.0;server=akswtt00100000q;cloudType=Consumer;environment=Prod_southeastasia_prod-s01-065-apac-southeastasia;migrationStage=NotStarted Some updates remain.}
{"logTime": "0606/134107", "correlationVector":"MOdsHyu2hQrJnhtX9O/8VA","action":"Initial GetUpdates", "result":"", "context":Reason: NEWLY_SUPPORTED_DATATYPE. cV=MOdsHyu2hQrJnhtX9O/8VA}
{"logTime": "0606/134108", "correlationVector":"MOdsHyu2hQrJnhtX9O/8VA.1","action":"SyncServerConnectionManagerRequest", "result":"SYNC_SERVER_OK", "context":{"environment":"Prod_southeastasia_prod-s01-065-apac-southeastasia", "migrationStage":"NotStarted", "server":"akswtt00100001k"}}
{"logTime": "0606/134108", "correlationVector":"MOdsHyu2hQrJnhtX9O/8VA.2","action":"ProcessGetUpdates", "result":"Done", "context":{"dataType":"Autofill", "deleted":"0", "process_failed_to_decrypt":"0", "process_pending_decryption":"0", "process_success":"65", "total":"65"}}
{"logTime": "0606/134108", "correlationVector":"MOdsHyu2hQrJnhtX9O/8VA.3","action":"ProcessGetUpdates", "result":"Done", "context":{"dataType":"Sessions", "deleted":"180", "process_failed_to_decrypt":"0", "process_pending_decryption":"0", "process_success":"180", "total":"180"}}
{"logTime": "0606/134108", "correlationVector":"MOdsHyu2hQrJnhtX9O/8VA.4","action":"ProcessGetUpdates", "result":"Done", "context":{"dataType":"Edge Hub App Usage", "deleted":"1", "process_failed_to_decrypt":"0", "process_pending_decryption":"0", "process_success":"5", "total":"5"}}
{"logTime": "0606/134108", "correlationVector":"MOdsHyu2hQrJnhtX9O/8VA.5","action":"GetUpdates Response", "result":"Success", "context":Received 250 update(s). cV=MOdsHyu2hQrJnhtX9O/8VA.0;server=akswtt00100001k;cloudType=Consumer;environment=Prod_southeastasia_prod-s01-065-apac-southeastasia;migrationStage=NotStarted Some updates remain.}
{"logTime": "0606/134108", "correlationVector":"qFTYfwCrf8gE6HzzgXVezm","action":"Initial GetUpdates", "result":"", "context":Reason: NEWLY_SUPPORTED_DATATYPE. cV=qFTYfwCrf8gE6HzzgXVezm}
{"logTime": "0606/134108", "correlationVector":"qFTYfwCrf8gE6HzzgXVezm.1","action":"SyncServerConnectionManagerRequest", "result":"SYNC_SERVER_OK", "context":{"environment":"Prod_southeastasia_prod-s01-065-apac-southeastasia", "migrationStage":"NotStarted", "server":"akswtt00100000m"}}
{"logTime": "0606/134108", "correlationVector":"qFTYfwCrf8gE6HzzgXVezm.2","action":"ProcessGetUpdates", "result":"Done", "context":{"dataType":"Autofill Profiles", "deleted":"4", "process_failed_to_decrypt":"0", "process_pending_decryption":"0", "process_success":"4", "total":"4"}}
{"logTime": "0606/134108", "correlationVector":"qFTYfwCrf8gE6HzzgXVezm.3","action":"ProcessGetUpdates", "result":"Done", "context":{"dataType":"Autofill", "deleted":"0", "process_failed_to_decrypt":"0", "process_pending_decryption":"0", "process_success":"28", "total":"28"}}
{"logTime": "0606/134108", "correlationVector":"qFTYfwCrf8gE6HzzgXVezm.4","action":"ProcessGetUpdates", "result":"Done", "context":{"dataType":"Sessions", "deleted":"211", "process_failed_to_decrypt":"0", "process_pending_decryption":"0", "process_success":"211", "total":"211"}}
{"logTime": "0606/134108", "correlationVector":"qFTYfwCrf8gE6HzzgXVezm.5","action":"ProcessGetUpdates", "result":"Done", "context":{"dataType":"Saved Tab Group", "deleted":"4", "process_failed_to_decrypt":"0", "process_pending_decryption":"0", "process_success":"4", "total":"4"}}
{"logTime": "0606/134108", "correlationVector":"qFTYfwCrf8gE6HzzgXVezm.6","action":"ProcessGetUpdates", "result":"Done", "context":{"dataType":"Edge Hub App Usage", "deleted":"0", "process_failed_to_decrypt":"0", "process_pending_decryption":"0", "process_success":"3", "total":"3"}}
{"logTime": "0606/134108", "correlationVector":"qFTYfwCrf8gE6HzzgXVezm.7","action":"GetUpdates Response", "result":"Success", "context":Received 250 update(s). cV=qFTYfwCrf8gE6HzzgXVezm.0;server=akswtt00100000m;cloudType=Consumer;environment=Prod_southeastasia_prod-s01-065-apac-southeastasia;migrationStage=NotStarted Some updates remain.}
{"logTime": "0606/134108", "correlationVector":"BaJjzCnospHhUQqukQxaeE","action":"Initial GetUpdates", "result":"", "context":Reason: NEWLY_SUPPORTED_DATATYPE. cV=BaJjzCnospHhUQqukQxaeE}
{"logTime": "0606/134109", "correlationVector":"BaJjzCnospHhUQqukQxaeE.1","action":"SyncServerConnectionManagerRequest", "result":"SYNC_SERVER_OK", "context":{"environment":"Prod_southeastasia_prod-s01-065-apac-southeastasia", "migrationStage":"NotStarted", "server":"akswtt001000014"}}
{"logTime": "0606/134109", "correlationVector":"BaJjzCnospHhUQqukQxaeE.2","action":"ProcessGetUpdates", "result":"Done", "context":{"dataType":"Autofill", "deleted":"0", "process_failed_to_decrypt":"0", "process_pending_decryption":"0", "process_success":"38", "total":"38"}}
{"logTime": "0606/134109", "correlationVector":"BaJjzCnospHhUQqukQxaeE.3","action":"ProcessGetUpdates", "result":"Done", "context":{"dataType":"Extensions", "deleted":"1", "process_failed_to_decrypt":"0", "process_pending_decryption":"0", "process_success":"1", "total":"1"}}
{"logTime": "0606/134109", "correlationVector":"BaJjzCnospHhUQqukQxaeE.4","action":"ProcessGetUpdates", "result":"Done", "context":{"dataType":"Sessions", "deleted":"211", "process_failed_to_decrypt":"0", "process_pending_decryption":"0", "process_success":"211", "total":"211"}}
{"logTime": "0606/134109", "correlationVector":"BaJjzCnospHhUQqukQxaeE.5","action":"GetUpdates Response", "result":"Success", "context":Received 250 update(s). cV=BaJjzCnospHhUQqukQxaeE.0;server=akswtt001000014;cloudType=Consumer;environment=Prod_southeastasia_prod-s01-065-apac-southeastasia;migrationStage=NotStarted Some updates remain.}
{"logTime": "0606/134109", "correlationVector":"YsL77hfezFV/CCc+jhZ0iK","action":"Initial GetUpdates", "result":"", "context":Reason: NEWLY_SUPPORTED_DATATYPE. cV=YsL77hfezFV/CCc+jhZ0iK}
{"logTime": "0606/134110", "correlationVector":"YsL77hfezFV/CCc+jhZ0iK.1","action":"SyncServerConnectionManagerRequest", "result":"SYNC_SERVER_OK", "context":{"environment":"Prod_southeastasia_prod-s01-065-apac-southeastasia", "migrationStage":"NotStarted", "server":"akswtt001000007"}}
{"logTime": "0606/134110", "correlationVector":"YsL77hfezFV/CCc+jhZ0iK.2","action":"ProcessGetUpdates", "result":"Done", "context":{"dataType":"Autofill Profiles", "deleted":"5", "process_failed_to_decrypt":"0", "process_pending_decryption":"0", "process_success":"5", "total":"5"}}
{"logTime": "0606/134110", "correlationVector":"YsL77hfezFV/CCc+jhZ0iK.3","action":"ProcessGetUpdates", "result":"Done", "context":{"dataType":"Autofill", "deleted":"0", "process_failed_to_decrypt":"0", "process_pending_decryption":"0", "process_success":"22", "total":"22"}}
{"logTime": "0606/134110", "correlationVector":"YsL77hfezFV/CCc+jhZ0iK.4","action":"ProcessGetUpdates", "result":"Done", "context":{"dataType":"Sessions", "deleted":"220", "process_failed_to_decrypt":"0", "process_pending_decryption":"0", "process_success":"220", "total":"220"}}
{"logTime": "0606/134110", "correlationVector":"YsL77hfezFV/CCc+jhZ0iK.5","action":"ProcessGetUpdates", "result":"Done", "context":{"dataType":"Edge Hub App Usage", "deleted":"3", "process_failed_to_decrypt":"0", "process_pending_decryption":"0", "process_success":"3", "total":"3"}}
{"logTime": "0606/134110", "correlationVector":"YsL77hfezFV/CCc+jhZ0iK.6","action":"GetUpdates Response", "result":"Success", "context":Received 250 update(s). cV=YsL77hfezFV/CCc+jhZ0iK.0;server=akswtt001000007;cloudType=Consumer;environment=Prod_southeastasia_prod-s01-065-apac-southeastasia;migrationStage=NotStarted Some updates remain.}
{"logTime": "0606/134110", "correlationVector":"1YcpreN8Q2LwgEy0wBZJBp","action":"Initial GetUpdates", "result":"", "context":Reason: NEWLY_SUPPORTED_DATATYPE. cV=1YcpreN8Q2LwgEy0wBZJBp}
{"logTime": "0606/134111", "correlationVector":"1YcpreN8Q2LwgEy0wBZJBp.1","action":"SyncServerConnectionManagerRequest", "result":"SYNC_SERVER_OK", "context":{"environment":"Prod_southeastasia_prod-s01-065-apac-southeastasia", "migrationStage":"NotStarted", "server":"akswtt001000000"}}
{"logTime": "0606/134111", "correlationVector":"1YcpreN8Q2LwgEy0wBZJBp.2","action":"ProcessGetUpdates", "result":"Done", "context":{"dataType":"Autofill Profiles", "deleted":"6", "process_failed_to_decrypt":"0", "process_pending_decryption":"0", "process_success":"6", "total":"6"}}
{"logTime": "0606/134111", "correlationVector":"1YcpreN8Q2LwgEy0wBZJBp.3","action":"ProcessGetUpdates", "result":"Done", "context":{"dataType":"Autofill", "deleted":"0", "process_failed_to_decrypt":"0", "process_pending_decryption":"0", "process_success":"6", "total":"6"}}
{"logTime": "0606/134111", "correlationVector":"1YcpreN8Q2LwgEy0wBZJBp.4","action":"ProcessGetUpdates", "result":"Done", "context":{"dataType":"Sessions", "deleted":"233", "process_failed_to_decrypt":"0", "process_pending_decryption":"0", "process_success":"233", "total":"233"}}
{"logTime": "0606/134111", "correlationVector":"1YcpreN8Q2LwgEy0wBZJBp.5","action":"ProcessGetUpdates", "result":"Done", "context":{"dataType":"Edge Hub App Usage", "deleted":"4", "process_failed_to_decrypt":"0", "process_pending_decryption":"0", "process_success":"5", "total":"5"}}
{"logTime": "0606/134111", "correlationVector":"1YcpreN8Q2LwgEy0wBZJBp.6","action":"GetUpdates Response", "result":"Success", "context":Received 250 update(s). cV=1YcpreN8Q2LwgEy0wBZJBp.0;server=akswtt001000000;cloudType=Consumer;environment=Prod_southeastasia_prod-s01-065-apac-southeastasia;migrationStage=NotStarted Some updates remain.}
{"logTime": "0606/134111", "correlationVector":"vU/vtR8OBjtBqrLO/yxtZo","action":"Initial GetUpdates", "result":"", "context":Reason: NEWLY_SUPPORTED_DATATYPE. cV=vU/vtR8OBjtBqrLO/yxtZo}
{"logTime": "0606/134111", "correlationVector":"vU/vtR8OBjtBqrLO/yxtZo.1","action":"SyncServerConnectionManagerRequest", "result":"SYNC_SERVER_OK", "context":{"environment":"Prod_southeastasia_prod-s01-065-apac-southeastasia", "migrationStage":"NotStarted", "server":"akswtt00100001y"}}
{"logTime": "0606/134111", "correlationVector":"vU/vtR8OBjtBqrLO/yxtZo.2","action":"ProcessGetUpdates", "result":"Done", "context":{"dataType":"Autofill Profiles", "deleted":"2", "process_failed_to_decrypt":"0", "process_pending_decryption":"0", "process_success":"2", "total":"2"}}
{"logTime": "0606/134111", "correlationVector":"vU/vtR8OBjtBqrLO/yxtZo.3","action":"ProcessGetUpdates", "result":"Done", "context":{"dataType":"Sessions", "deleted":"244", "process_failed_to_decrypt":"0", "process_pending_decryption":"0", "process_success":"244", "total":"244"}}
{"logTime": "0606/134111", "correlationVector":"vU/vtR8OBjtBqrLO/yxtZo.4","action":"ProcessGetUpdates", "result":"Done", "context":{"dataType":"Edge Hub App Usage", "deleted":"1", "process_failed_to_decrypt":"0", "process_pending_decryption":"0", "process_success":"4", "total":"4"}}
{"logTime": "0606/134111", "correlationVector":"vU/vtR8OBjtBqrLO/yxtZo.5","action":"GetUpdates Response", "result":"Success", "context":Received 250 update(s). cV=vU/vtR8OBjtBqrLO/yxtZo.0;server=akswtt00100001y;cloudType=Consumer;environment=Prod_southeastasia_prod-s01-065-apac-southeastasia;migrationStage=NotStarted Some updates remain.}
{"logTime": "0606/134111", "correlationVector":"dx8lzeo1i5jacu7/9s53uG","action":"Initial GetUpdates", "result":"", "context":Reason: NEWLY_SUPPORTED_DATATYPE. cV=dx8lzeo1i5jacu7/9s53uG}
{"logTime": "0606/134112", "correlationVector":"dx8lzeo1i5jacu7/9s53uG.1","action":"SyncServerConnectionManagerRequest", "result":"SYNC_SERVER_OK", "context":{"environment":"Prod_southeastasia_prod-s01-065-apac-southeastasia", "migrationStage":"NotStarted", "server":"akswtt00100001q"}}
{"logTime": "0606/134112", "correlationVector":"dx8lzeo1i5jacu7/9s53uG.2","action":"ProcessGetUpdates", "result":"Done", "context":{"dataType":"Autofill", "deleted":"0", "process_failed_to_decrypt":"0", "process_pending_decryption":"0", "process_success":"4", "total":"4"}}
{"logTime": "0606/134112", "correlationVector":"dx8lzeo1i5jacu7/9s53uG.3","action":"ProcessGetUpdates", "result":"Done", "context":{"dataType":"Sessions", "deleted":"233", "process_failed_to_decrypt":"0", "process_pending_decryption":"0", "process_success":"233", "total":"233"}}
{"logTime": "0606/134112", "correlationVector":"dx8lzeo1i5jacu7/9s53uG.4","action":"ProcessGetUpdates", "result":"Done", "context":{"dataType":"Saved Tab Group", "deleted":"2", "process_failed_to_decrypt":"0", "process_pending_decryption":"0", "process_success":"13", "total":"13"}}
{"logTime": "0606/134112", "correlationVector":"dx8lzeo1i5jacu7/9s53uG.5","action":"GetUpdates Response", "result":"Success", "context":Received 250 update(s). cV=dx8lzeo1i5jacu7/9s53uG.0;server=akswtt00100001q;cloudType=Consumer;environment=Prod_southeastasia_prod-s01-065-apac-southeastasia;migrationStage=NotStarted Some updates remain.}
{"logTime": "0606/134112", "correlationVector":"MPR1J65yex1iuXL3jzfwm6","action":"Initial GetUpdates", "result":"", "context":Reason: NEWLY_SUPPORTED_DATATYPE. cV=MPR1J65yex1iuXL3jzfwm6}
{"logTime": "0606/134113", "correlationVector":"MPR1J65yex1iuXL3jzfwm6.1","action":"SyncServerConnectionManagerRequest", "result":"SYNC_SERVER_OK", "context":{"environment":"Prod_southeastasia_prod-s01-065-apac-southeastasia", "migrationStage":"NotStarted", "server":"akswtt00100000c"}}
{"logTime": "0606/134113", "correlationVector":"MPR1J65yex1iuXL3jzfwm6.2","action":"ProcessGetUpdates", "result":"Done", "context":{"dataType":"Autofill Profiles", "deleted":"0", "process_failed_to_decrypt":"0", "process_pending_decryption":"0", "process_success":"1", "total":"1"}}
{"logTime": "0606/134113", "correlationVector":"MPR1J65yex1iuXL3jzfwm6.3","action":"ProcessGetUpdates", "result":"Done", "context":{"dataType":"Autofill", "deleted":"0", "process_failed_to_decrypt":"0", "process_pending_decryption":"0", "process_success":"1", "total":"1"}}
{"logTime": "0606/134113", "correlationVector":"MPR1J65yex1iuXL3jzfwm6.4","action":"ProcessGetUpdates", "result":"Done", "context":{"dataType":"Extensions", "deleted":"0", "process_failed_to_decrypt":"0", "process_pending_decryption":"0", "process_success":"2", "total":"2"}}
{"logTime": "0606/134113", "correlationVector":"MPR1J65yex1iuXL3jzfwm6.5","action":"ProcessGetUpdates", "result":"Done", "context":{"dataType":"Sessions", "deleted":"246", "process_failed_to_decrypt":"0", "process_pending_decryption":"0", "process_success":"246", "total":"246"}}
{"logTime": "0606/134113", "correlationVector":"MPR1J65yex1iuXL3jzfwm6.6","action":"GetUpdates Response", "result":"Success", "context":Received 250 update(s). cV=MPR1J65yex1iuXL3jzfwm6.0;server=akswtt00100000c;cloudType=Consumer;environment=Prod_southeastasia_prod-s01-065-apac-southeastasia;migrationStage=NotStarted Some updates remain.}
{"logTime": "0606/134113", "correlationVector":"cZxQ1Pe7A7BOvW56qnZAon","action":"Initial GetUpdates", "result":"", "context":Reason: NEWLY_SUPPORTED_DATATYPE. cV=cZxQ1Pe7A7BOvW56qnZAon}
{"logTime": "0606/134114", "correlationVector":"cZxQ1Pe7A7BOvW56qnZAon.1","action":"SyncServerConnectionManagerRequest", "result":"SYNC_SERVER_OK", "context":{"environment":"Prod_southeastasia_prod-s01-065-apac-southeastasia", "migrationStage":"NotStarted", "server":"akswtt001000014"}}
{"logTime": "0606/134114", "correlationVector":"cZxQ1Pe7A7BOvW56qnZAon.2","action":"ProcessGetUpdates", "result":"Done", "context":{"dataType":"Autofill Profiles", "deleted":"1", "process_failed_to_decrypt":"0", "process_pending_decryption":"0", "process_success":"1", "total":"1"}}
{"logTime": "0606/134114", "correlationVector":"cZxQ1Pe7A7BOvW56qnZAon.3","action":"ProcessGetUpdates", "result":"Done", "context":{"dataType":"Autofill", "deleted":"0", "process_failed_to_decrypt":"0", "process_pending_decryption":"0", "process_success":"3", "total":"3"}}
{"logTime": "0606/134114", "correlationVector":"cZxQ1Pe7A7BOvW56qnZAon.4","action":"ProcessGetUpdates", "result":"Done", "context":{"dataType":"Sessions", "deleted":"246", "process_failed_to_decrypt":"0", "process_pending_decryption":"0", "process_success":"246", "total":"246"}}
{"logTime": "0606/134114", "correlationVector":"cZxQ1Pe7A7BOvW56qnZAon.5","action":"GetUpdates Response", "result":"Success", "context":Received 250 update(s). cV=cZxQ1Pe7A7BOvW56qnZAon.0;server=akswtt001000014;cloudType=Consumer;environment=Prod_southeastasia_prod-s01-065-apac-southeastasia;migrationStage=NotStarted Some updates remain.}
{"logTime": "0606/134114", "correlationVector":"mfl0oXLHMiNFHnKNniRKF6","action":"Initial GetUpdates", "result":"", "context":Reason: NEWLY_SUPPORTED_DATATYPE. cV=mfl0oXLHMiNFHnKNniRKF6}
{"logTime": "0606/134115", "correlationVector":"mfl0oXLHMiNFHnKNniRKF6.1","action":"SyncServerConnectionManagerRequest", "result":"SYNC_SERVER_OK", "context":{"environment":"Prod_southeastasia_prod-s01-065-apac-southeastasia", "migrationStage":"NotStarted", "server":"akswtt00100001y"}}
{"logTime": "0606/134115", "correlationVector":"mfl0oXLHMiNFHnKNniRKF6.2","action":"ProcessGetUpdates", "result":"Done", "context":{"dataType":"Autofill Profiles", "deleted":"1", "process_failed_to_decrypt":"0", "process_pending_decryption":"0", "process_success":"2", "total":"2"}}
{"logTime": "0606/134115", "correlationVector":"mfl0oXLHMiNFHnKNniRKF6.3","action":"ProcessGetUpdates", "result":"Done", "context":{"dataType":"Autofill", "deleted":"0", "process_failed_to_decrypt":"0", "process_pending_decryption":"0", "process_success":"13", "total":"13"}}
{"logTime": "0606/134115", "correlationVector":"mfl0oXLHMiNFHnKNniRKF6.4","action":"ProcessGetUpdates", "result":"Done", "context":{"dataType":"Sessions", "deleted":"235", "process_failed_to_decrypt":"0", "process_pending_decryption":"0", "process_success":"235", "total":"235"}}
{"logTime": "0606/134115", "correlationVector":"mfl0oXLHMiNFHnKNniRKF6.5","action":"GetUpdates Response", "result":"Success", "context":Received 250 update(s). cV=mfl0oXLHMiNFHnKNniRKF6.0;server=akswtt00100001y;cloudType=Consumer;environment=Prod_southeastasia_prod-s01-065-apac-southeastasia;migrationStage=NotStarted Some updates remain.}
{"logTime": "0606/134115", "correlationVector":"b8iSMDMlCqU5BpLe2AXnCT","action":"Initial GetUpdates", "result":"", "context":Reason: NEWLY_SUPPORTED_DATATYPE. cV=b8iSMDMlCqU5BpLe2AXnCT}
{"logTime": "0606/134115", "correlationVector":"b8iSMDMlCqU5BpLe2AXnCT.1","action":"SyncServerConnectionManagerRequest", "result":"SYNC_SERVER_OK", "context":{"environment":"Prod_southeastasia_prod-s01-065-apac-southeastasia", "migrationStage":"NotStarted", "server":"akswtt00100000o"}}
{"logTime": "0606/134115", "correlationVector":"b8iSMDMlCqU5BpLe2AXnCT.2","action":"ProcessGetUpdates", "result":"Done", "context":{"dataType":"Autofill Profiles", "deleted":"0", "process_failed_to_decrypt":"0", "process_pending_decryption":"0", "process_success":"1", "total":"1"}}
{"logTime": "0606/134115", "correlationVector":"b8iSMDMlCqU5BpLe2AXnCT.3","action":"ProcessGetUpdates", "result":"Done", "context":{"dataType":"Autofill", "deleted":"0", "process_failed_to_decrypt":"0", "process_pending_decryption":"0", "process_success":"46", "total":"46"}}
{"logTime": "0606/134115", "correlationVector":"b8iSMDMlCqU5BpLe2AXnCT.4","action":"ProcessGetUpdates", "result":"Done", "context":{"dataType":"Sessions", "deleted":"203", "process_failed_to_decrypt":"0", "process_pending_decryption":"0", "process_success":"203", "total":"203"}}
{"logTime": "0606/134115", "correlationVector":"b8iSMDMlCqU5BpLe2AXnCT.5","action":"GetUpdates Response", "result":"Success", "context":Received 250 update(s). cV=b8iSMDMlCqU5BpLe2AXnCT.0;server=akswtt00100000o;cloudType=Consumer;environment=Prod_southeastasia_prod-s01-065-apac-southeastasia;migrationStage=NotStarted Some updates remain.}
{"logTime": "0606/134115", "correlationVector":"Ry5d+D4AxQSD7+LmTfRMVr","action":"Initial GetUpdates", "result":"", "context":Reason: NEWLY_SUPPORTED_DATATYPE. cV=Ry5d+D4AxQSD7+LmTfRMVr}
{"logTime": "0606/134116", "correlationVector":"Ry5d+D4AxQSD7+LmTfRMVr.1","action":"SyncServerConnectionManagerRequest", "result":"SYNC_SERVER_OK", "context":{"environment":"Prod_southeastasia_prod-s01-065-apac-southeastasia", "migrationStage":"NotStarted", "server":"akswtt001000001"}}
{"logTime": "0606/134116", "correlationVector":"Ry5d+D4AxQSD7+LmTfRMVr.2","action":"ProcessGetUpdates", "result":"Done", "context":{"dataType":"Autofill Profiles", "deleted":"1", "process_failed_to_decrypt":"0", "process_pending_decryption":"0", "process_success":"2", "total":"2"}}
{"logTime": "0606/134116", "correlationVector":"Ry5d+D4AxQSD7+LmTfRMVr.3","action":"ProcessGetUpdates", "result":"Done", "context":{"dataType":"Autofill", "deleted":"0", "process_failed_to_decrypt":"0", "process_pending_decryption":"0", "process_success":"10", "total":"10"}}
{"logTime": "0606/134116", "correlationVector":"Ry5d+D4AxQSD7+LmTfRMVr.4","action":"ProcessGetUpdates", "result":"Done", "context":{"dataType":"Sessions", "deleted":"236", "process_failed_to_decrypt":"0", "process_pending_decryption":"0", "process_success":"236", "total":"236"}}
{"logTime": "0606/134116", "correlationVector":"Ry5d+D4AxQSD7+LmTfRMVr.5","action":"ProcessGetUpdates", "result":"Done", "context":{"dataType":"History Delete Directives", "deleted":"0", "process_failed_to_decrypt":"0", "process_pending_decryption":"0", "process_success":"1", "total":"1"}}
{"logTime": "0606/134116", "correlationVector":"Ry5d+D4AxQSD7+LmTfRMVr.6","action":"ProcessGetUpdates", "result":"Done", "context":{"dataType":"Edge Hub App Usage", "deleted":"0", "process_failed_to_decrypt":"0", "process_pending_decryption":"0", "process_success":"1", "total":"1"}}
{"logTime": "0606/134116", "correlationVector":"Ry5d+D4AxQSD7+LmTfRMVr.7","action":"GetUpdates Response", "result":"Success", "context":Received 250 update(s). cV=Ry5d+D4AxQSD7+LmTfRMVr.0;server=akswtt001000001;cloudType=Consumer;environment=Prod_southeastasia_prod-s01-065-apac-southeastasia;migrationStage=NotStarted Some updates remain.}
{"logTime": "0606/134116", "correlationVector":"s4CtcbCJ+3VZH8p2N9lo7k","action":"Initial GetUpdates", "result":"", "context":Reason: NEWLY_SUPPORTED_DATATYPE. cV=s4CtcbCJ+3VZH8p2N9lo7k}
{"logTime": "0606/134116", "correlationVector":"s4CtcbCJ+3VZH8p2N9lo7k.1","action":"SyncServerConnectionManagerRequest", "result":"SYNC_SERVER_OK", "context":{"environment":"Prod_southeastasia_prod-s01-065-apac-southeastasia", "migrationStage":"NotStarted", "server":"akswtt001000011"}}
{"logTime": "0606/134116", "correlationVector":"s4CtcbCJ+3VZH8p2N9lo7k.2","action":"ProcessGetUpdates", "result":"Done", "context":{"dataType":"Autofill Profiles", "deleted":"5", "process_failed_to_decrypt":"0", "process_pending_decryption":"0", "process_success":"6", "total":"6"}}
{"logTime": "0606/134116", "correlationVector":"s4CtcbCJ+3VZH8p2N9lo7k.3","action":"ProcessGetUpdates", "result":"Done", "context":{"dataType":"Autofill", "deleted":"0", "process_failed_to_decrypt":"0", "process_pending_decryption":"0", "process_success":"17", "total":"17"}}
{"logTime": "0606/134116", "correlationVector":"s4CtcbCJ+3VZH8p2N9lo7k.4","action":"ProcessGetUpdates", "result":"Done", "context":{"dataType":"Sessions", "deleted":"137", "process_failed_to_decrypt":"0", "process_pending_decryption":"0", "process_success":"139", "total":"139"}}
{"logTime": "0606/134116", "correlationVector":"s4CtcbCJ+3VZH8p2N9lo7k.5","action":"ProcessGetUpdates", "result":"Done", "context":{"dataType":"History Delete Directives", "deleted":"0", "process_failed_to_decrypt":"0", "process_pending_decryption":"0", "process_success":"1", "total":"1"}}
{"logTime": "0606/134116", "correlationVector":"s4CtcbCJ+3VZH8p2N9lo7k.6","action":"ProcessGetUpdates", "result":"Done", "context":{"dataType":"WebAuthn Credentials", "deleted":"0", "process_failed_to_decrypt":"0", "process_pending_decryption":"0", "process_success":"1", "total":"1"}}
{"logTime": "0606/134116", "correlationVector":"s4CtcbCJ+3VZH8p2N9lo7k.7","action":"GetUpdates Response", "result":"Success", "context":Received 164 update(s). cV=s4CtcbCJ+3VZH8p2N9lo7k.0;server=akswtt001000011;cloudType=Consumer;environment=Prod_southeastasia_prod-s01-065-apac-southeastasia;migrationStage=NotStarted}
{"logTime": "0606/134116", "correlationVector":"QLBy37H61N4cTAIAyk2qUi","action":"Initial GetUpdates", "result":"", "context":Reason: NEWLY_SUPPORTED_DATATYPE. cV=QLBy37H61N4cTAIAyk2qUi}
{"logTime": "0606/134117", "correlationVector":"QLBy37H61N4cTAIAyk2qUi.1","action":"SyncServerConnectionManagerRequest", "result":"SYNC_SERVER_OK", "context":{"environment":"Prod_southeastasia_prod-s01-065-apac-southeastasia", "migrationStage":"NotStarted", "server":"akswtt001000000"}}
{"logTime": "0606/134117", "correlationVector":"QLBy37H61N4cTAIAyk2qUi.2","action":"ProcessGetUpdates", "result":"Done", "context":{"dataType":"History", "deleted":"0", "process_failed_to_decrypt":"0", "process_pending_decryption":"0", "process_success":"250", "total":"250"}}
{"logTime": "0606/134117", "correlationVector":"QLBy37H61N4cTAIAyk2qUi.3","action":"GetUpdates Response", "result":"Success", "context":Received 250 update(s). cV=QLBy37H61N4cTAIAyk2qUi.0;server=akswtt001000000;cloudType=Consumer;environment=Prod_southeastasia_prod-s01-065-apac-southeastasia;migrationStage=NotStarted Some updates remain.}
{"logTime": "0606/134117", "correlationVector":"J+l88hwZsE1W2Dpsw7/Bma","action":"Initial GetUpdates", "result":"", "context":Reason: NEWLY_SUPPORTED_DATATYPE. cV=J+l88hwZsE1W2Dpsw7/Bma}
{"logTime": "0606/134117", "correlationVector":"J+l88hwZsE1W2Dpsw7/Bma.1","action":"SyncServerConnectionManagerRequest", "result":"SYNC_SERVER_OK", "context":{"environment":"Prod_southeastasia_prod-s01-065-apac-southeastasia", "migrationStage":"NotStarted", "server":"akswtt00100000y"}}
{"logTime": "0606/134117", "correlationVector":"J+l88hwZsE1W2Dpsw7/Bma.2","action":"ProcessGetUpdates", "result":"Done", "context":{"dataType":"History", "deleted":"0", "process_failed_to_decrypt":"0", "process_pending_decryption":"0", "process_success":"250", "total":"250"}}
{"logTime": "0606/134117", "correlationVector":"J+l88hwZsE1W2Dpsw7/Bma.3","action":"GetUpdates Response", "result":"Success", "context":Received 250 update(s). cV=J+l88hwZsE1W2Dpsw7/Bma.0;server=akswtt00100000y;cloudType=Consumer;environment=Prod_southeastasia_prod-s01-065-apac-southeastasia;migrationStage=NotStarted Some updates remain.}
{"logTime": "0606/134117", "correlationVector":"3ZFgZVqH2SyyXvUh8J5OgS","action":"Initial GetUpdates", "result":"", "context":Reason: NEWLY_SUPPORTED_DATATYPE. cV=3ZFgZVqH2SyyXvUh8J5OgS}
{"logTime": "0606/134118", "correlationVector":"3ZFgZVqH2SyyXvUh8J5OgS.1","action":"SyncServerConnectionManagerRequest", "result":"SYNC_SERVER_OK", "context":{"environment":"Prod_southeastasia_prod-s01-065-apac-southeastasia", "migrationStage":"NotStarted", "server":"akswtt00100000o"}}
{"logTime": "0606/134118", "correlationVector":"3ZFgZVqH2SyyXvUh8J5OgS.2","action":"ProcessGetUpdates", "result":"Done", "context":{"dataType":"History", "deleted":"0", "process_failed_to_decrypt":"0", "process_pending_decryption":"0", "process_success":"250", "total":"250"}}
{"logTime": "0606/134118", "correlationVector":"3ZFgZVqH2SyyXvUh8J5OgS.3","action":"GetUpdates Response", "result":"Success", "context":Received 250 update(s). cV=3ZFgZVqH2SyyXvUh8J5OgS.0;server=akswtt00100000o;cloudType=Consumer;environment=Prod_southeastasia_prod-s01-065-apac-southeastasia;migrationStage=NotStarted Some updates remain.}
{"logTime": "0606/134118", "correlationVector":"guIHJ9jjnu4kif4IBsxAtZ","action":"Initial GetUpdates", "result":"", "context":Reason: NEWLY_SUPPORTED_DATATYPE. cV=guIHJ9jjnu4kif4IBsxAtZ}
{"logTime": "0606/134118", "correlationVector":"guIHJ9jjnu4kif4IBsxAtZ.1","action":"SyncServerConnectionManagerRequest", "result":"SYNC_SERVER_OK", "context":{"environment":"Prod_southeastasia_prod-s01-065-apac-southeastasia", "migrationStage":"NotStarted", "server":"akswtt001000014"}}
{"logTime": "0606/134118", "correlationVector":"guIHJ9jjnu4kif4IBsxAtZ.2","action":"ProcessGetUpdates", "result":"Done", "context":{"dataType":"History", "deleted":"0", "process_failed_to_decrypt":"0", "process_pending_decryption":"0", "process_success":"250", "total":"250"}}
{"logTime": "0606/134118", "correlationVector":"guIHJ9jjnu4kif4IBsxAtZ.3","action":"GetUpdates Response", "result":"Success", "context":Received 250 update(s). cV=guIHJ9jjnu4kif4IBsxAtZ.0;server=akswtt001000014;cloudType=Consumer;environment=Prod_southeastasia_prod-s01-065-apac-southeastasia;migrationStage=NotStarted Some updates remain.}
{"logTime": "0606/134118", "correlationVector":"3vTJgXpxhCBjxR/uaXx8le","action":"Initial GetUpdates", "result":"", "context":Reason: NEWLY_SUPPORTED_DATATYPE. cV=3vTJgXpxhCBjxR/uaXx8le}
{"logTime": "0606/134119", "correlationVector":"3vTJgXpxhCBjxR/uaXx8le.1","action":"SyncServerConnectionManagerRequest", "result":"SYNC_SERVER_OK", "context":{"environment":"Prod_southeastasia_prod-s01-065-apac-southeastasia", "migrationStage":"NotStarted", "server":"akswtt00100001y"}}
{"logTime": "0606/134119", "correlationVector":"3vTJgXpxhCBjxR/uaXx8le.2","action":"ProcessGetUpdates", "result":"Done", "context":{"dataType":"History", "deleted":"0", "process_failed_to_decrypt":"0", "process_pending_decryption":"0", "process_success":"250", "total":"250"}}
{"logTime": "0606/134119", "correlationVector":"3vTJgXpxhCBjxR/uaXx8le.3","action":"GetUpdates Response", "result":"Success", "context":Received 250 update(s). cV=3vTJgXpxhCBjxR/uaXx8le.0;server=akswtt00100001y;cloudType=Consumer;environment=Prod_southeastasia_prod-s01-065-apac-southeastasia;migrationStage=NotStarted Some updates remain.}
{"logTime": "0606/134119", "correlationVector":"AEs+cuHesA+gYm+cLt9kRL","action":"Initial GetUpdates", "result":"", "context":Reason: NEWLY_SUPPORTED_DATATYPE. cV=AEs+cuHesA+gYm+cLt9kRL}
{"logTime": "0606/134119", "correlationVector":"AEs+cuHesA+gYm+cLt9kRL.1","action":"SyncServerConnectionManagerRequest", "result":"SYNC_SERVER_OK", "context":{"environment":"Prod_southeastasia_prod-s01-065-apac-southeastasia", "migrationStage":"NotStarted", "server":"akswtt001000014"}}
{"logTime": "0606/134119", "correlationVector":"AEs+cuHesA+gYm+cLt9kRL.2","action":"ProcessGetUpdates", "result":"Done", "context":{"dataType":"History", "deleted":"0", "process_failed_to_decrypt":"0", "process_pending_decryption":"0", "process_success":"250", "total":"250"}}
{"logTime": "0606/134119", "correlationVector":"AEs+cuHesA+gYm+cLt9kRL.3","action":"GetUpdates Response", "result":"Success", "context":Received 250 update(s). cV=AEs+cuHesA+gYm+cLt9kRL.0;server=akswtt001000014;cloudType=Consumer;environment=Prod_southeastasia_prod-s01-065-apac-southeastasia;migrationStage=NotStarted Some updates remain.}
{"logTime": "0606/134119", "correlationVector":"8wqDZee7QEhv/4Fy0Mof6O","action":"Initial GetUpdates", "result":"", "context":Reason: NEWLY_SUPPORTED_DATATYPE. cV=8wqDZee7QEhv/4Fy0Mof6O}
{"logTime": "0606/134119", "correlationVector":"8wqDZee7QEhv/4Fy0Mof6O.1","action":"SyncServerConnectionManagerRequest", "result":"SYNC_SERVER_OK", "context":{"environment":"Prod_southeastasia_prod-s01-065-apac-southeastasia", "migrationStage":"NotStarted", "server":"akswtt001000006"}}
{"logTime": "0606/134119", "correlationVector":"8wqDZee7QEhv/4Fy0Mof6O.2","action":"ProcessGetUpdates", "result":"Done", "context":{"dataType":"History", "deleted":"0", "process_failed_to_decrypt":"0", "process_pending_decryption":"0", "process_success":"250", "total":"250"}}
{"logTime": "0606/134119", "correlationVector":"8wqDZee7QEhv/4Fy0Mof6O.3","action":"GetUpdates Response", "result":"Success", "context":Received 250 update(s). cV=8wqDZee7QEhv/4Fy0Mof6O.0;server=akswtt001000006;cloudType=Consumer;environment=Prod_southeastasia_prod-s01-065-apac-southeastasia;migrationStage=NotStarted Some updates remain.}
{"logTime": "0606/134119", "correlationVector":"vAaYOVgBkY/m1/B+zmT6px","action":"Initial GetUpdates", "result":"", "context":Reason: NEWLY_SUPPORTED_DATATYPE. cV=vAaYOVgBkY/m1/B+zmT6px}
{"logTime": "0606/134120", "correlationVector":"vAaYOVgBkY/m1/B+zmT6px.1","action":"SyncServerConnectionManagerRequest", "result":"SYNC_SERVER_OK", "context":{"environment":"Prod_southeastasia_prod-s01-065-apac-southeastasia", "migrationStage":"NotStarted", "server":"akswtt00100001w"}}
{"logTime": "0606/134120", "correlationVector":"vAaYOVgBkY/m1/B+zmT6px.2","action":"ProcessGetUpdates", "result":"Done", "context":{"dataType":"History", "deleted":"0", "process_failed_to_decrypt":"0", "process_pending_decryption":"0", "process_success":"250", "total":"250"}}
{"logTime": "0606/134120", "correlationVector":"vAaYOVgBkY/m1/B+zmT6px.3","action":"GetUpdates Response", "result":"Success", "context":Received 250 update(s). cV=vAaYOVgBkY/m1/B+zmT6px.0;server=akswtt00100001w;cloudType=Consumer;environment=Prod_southeastasia_prod-s01-065-apac-southeastasia;migrationStage=NotStarted Some updates remain.}
{"logTime": "0606/134120", "correlationVector":"Wai490uF55+mGJXzRRE1g3","action":"Initial GetUpdates", "result":"", "context":Reason: NEWLY_SUPPORTED_DATATYPE. cV=Wai490uF55+mGJXzRRE1g3}
{"logTime": "0606/134120", "correlationVector":"Wai490uF55+mGJXzRRE1g3.1","action":"SyncServerConnectionManagerRequest", "result":"SYNC_SERVER_OK", "context":{"environment":"Prod_southeastasia_prod-s01-065-apac-southeastasia", "migrationStage":"NotStarted", "server":"akswtt00100001q"}}
{"logTime": "0606/134120", "correlationVector":"Wai490uF55+mGJXzRRE1g3.2","action":"ProcessGetUpdates", "result":"Done", "context":{"dataType":"History", "deleted":"0", "process_failed_to_decrypt":"0", "process_pending_decryption":"0", "process_success":"250", "total":"250"}}
{"logTime": "0606/134120", "correlationVector":"Wai490uF55+mGJXzRRE1g3.3","action":"GetUpdates Response", "result":"Success", "context":Received 250 update(s). cV=Wai490uF55+mGJXzRRE1g3.0;server=akswtt00100001q;cloudType=Consumer;environment=Prod_southeastasia_prod-s01-065-apac-southeastasia;migrationStage=NotStarted Some updates remain.}
{"logTime": "0606/134120", "correlationVector":"yafAy0VXG6zc8T4tHTh+g2","action":"Initial GetUpdates", "result":"", "context":Reason: NEWLY_SUPPORTED_DATATYPE. cV=yafAy0VXG6zc8T4tHTh+g2}
{"logTime": "0606/134121", "correlationVector":"yafAy0VXG6zc8T4tHTh+g2.1","action":"SyncServerConnectionManagerRequest", "result":"SYNC_SERVER_OK", "context":{"environment":"Prod_southeastasia_prod-s01-065-apac-southeastasia", "migrationStage":"NotStarted", "server":"akswtt001000001"}}
{"logTime": "0606/134121", "correlationVector":"yafAy0VXG6zc8T4tHTh+g2.2","action":"ProcessGetUpdates", "result":"Done", "context":{"dataType":"History", "deleted":"0", "process_failed_to_decrypt":"0", "process_pending_decryption":"0", "process_success":"250", "total":"250"}}
{"logTime": "0606/134121", "correlationVector":"yafAy0VXG6zc8T4tHTh+g2.3","action":"GetUpdates Response", "result":"Success", "context":Received 250 update(s). cV=yafAy0VXG6zc8T4tHTh+g2.0;server=akswtt001000001;cloudType=Consumer;environment=Prod_southeastasia_prod-s01-065-apac-southeastasia;migrationStage=NotStarted Some updates remain.}
{"logTime": "0606/134121", "correlationVector":"mPiOCdLuq0q/H+eVI9DzEa","action":"Initial GetUpdates", "result":"", "context":Reason: NEWLY_SUPPORTED_DATATYPE. cV=mPiOCdLuq0q/H+eVI9DzEa}
{"logTime": "0606/134121", "correlationVector":"mPiOCdLuq0q/H+eVI9DzEa.1","action":"SyncServerConnectionManagerRequest", "result":"SYNC_SERVER_OK", "context":{"environment":"Prod_southeastasia_prod-s01-065-apac-southeastasia", "migrationStage":"NotStarted", "server":"akswtt00100000l"}}
{"logTime": "0606/134121", "correlationVector":"mPiOCdLuq0q/H+eVI9DzEa.2","action":"ProcessGetUpdates", "result":"Done", "context":{"dataType":"History", "deleted":"0", "process_failed_to_decrypt":"0", "process_pending_decryption":"0", "process_success":"250", "total":"250"}}
{"logTime": "0606/134121", "correlationVector":"mPiOCdLuq0q/H+eVI9DzEa.3","action":"GetUpdates Response", "result":"Success", "context":Received 250 update(s). cV=mPiOCdLuq0q/H+eVI9DzEa.0;server=akswtt00100000l;cloudType=Consumer;environment=Prod_southeastasia_prod-s01-065-apac-southeastasia;migrationStage=NotStarted Some updates remain.}
{"logTime": "0606/134121", "correlationVector":"NGtu/PfrV27LruGBGfE8WM","action":"Initial GetUpdates", "result":"", "context":Reason: NEWLY_SUPPORTED_DATATYPE. cV=NGtu/PfrV27LruGBGfE8WM}
{"logTime": "0606/134122", "correlationVector":"NGtu/PfrV27LruGBGfE8WM.1","action":"SyncServerConnectionManagerRequest", "result":"SYNC_SERVER_OK", "context":{"environment":"Prod_southeastasia_prod-s01-065-apac-southeastasia", "migrationStage":"NotStarted", "server":"akswtt00100000y"}}
{"logTime": "0606/134122", "correlationVector":"NGtu/PfrV27LruGBGfE8WM.2","action":"ProcessGetUpdates", "result":"Done", "context":{"dataType":"History", "deleted":"0", "process_failed_to_decrypt":"0", "process_pending_decryption":"0", "process_success":"250", "total":"250"}}
{"logTime": "0606/134122", "correlationVector":"NGtu/PfrV27LruGBGfE8WM.3","action":"GetUpdates Response", "result":"Success", "context":Received 250 update(s). cV=NGtu/PfrV27LruGBGfE8WM.0;server=akswtt00100000y;cloudType=Consumer;environment=Prod_southeastasia_prod-s01-065-apac-southeastasia;migrationStage=NotStarted Some updates remain.}
{"logTime": "0606/134122", "correlationVector":"YwX2GDFYK6xoytnRcQw0r4","action":"Initial GetUpdates", "result":"", "context":Reason: NEWLY_SUPPORTED_DATATYPE. cV=YwX2GDFYK6xoytnRcQw0r4}
{"logTime": "0606/134122", "correlationVector":"YwX2GDFYK6xoytnRcQw0r4.1","action":"SyncServerConnectionManagerRequest", "result":"SYNC_SERVER_OK", "context":{"environment":"Prod_southeastasia_prod-s01-065-apac-southeastasia", "migrationStage":"NotStarted", "server":"akswtt001000001"}}
{"logTime": "0606/134122", "correlationVector":"YwX2GDFYK6xoytnRcQw0r4.2","action":"ProcessGetUpdates", "result":"Done", "context":{"dataType":"History", "deleted":"0", "process_failed_to_decrypt":"0", "process_pending_decryption":"0", "process_success":"250", "total":"250"}}
{"logTime": "0606/134122", "correlationVector":"YwX2GDFYK6xoytnRcQw0r4.3","action":"GetUpdates Response", "result":"Success", "context":Received 250 update(s). cV=YwX2GDFYK6xoytnRcQw0r4.0;server=akswtt001000001;cloudType=Consumer;environment=Prod_southeastasia_prod-s01-065-apac-southeastasia;migrationStage=NotStarted Some updates remain.}
{"logTime": "0606/134122", "correlationVector":"TVV59MLsfTwR2ls7Cdzs4T","action":"Initial GetUpdates", "result":"", "context":Reason: NEWLY_SUPPORTED_DATATYPE. cV=TVV59MLsfTwR2ls7Cdzs4T}
{"logTime": "0606/134123", "correlationVector":"TVV59MLsfTwR2ls7Cdzs4T.1","action":"SyncServerConnectionManagerRequest", "result":"SYNC_SERVER_OK", "context":{"environment":"Prod_southeastasia_prod-s01-065-apac-southeastasia", "migrationStage":"NotStarted", "server":"akswtt00100001y"}}
{"logTime": "0606/134123", "correlationVector":"TVV59MLsfTwR2ls7Cdzs4T.2","action":"ProcessGetUpdates", "result":"Done", "context":{"dataType":"History", "deleted":"0", "process_failed_to_decrypt":"0", "process_pending_decryption":"0", "process_success":"250", "total":"250"}}
{"logTime": "0606/134123", "correlationVector":"TVV59MLsfTwR2ls7Cdzs4T.3","action":"GetUpdates Response", "result":"Success", "context":Received 250 update(s). cV=TVV59MLsfTwR2ls7Cdzs4T.0;server=akswtt00100001y;cloudType=Consumer;environment=Prod_southeastasia_prod-s01-065-apac-southeastasia;migrationStage=NotStarted Some updates remain.}
{"logTime": "0606/134123", "correlationVector":"0XLBo/JhIW4Y4pM0T53eSY","action":"Initial GetUpdates", "result":"", "context":Reason: NEWLY_SUPPORTED_DATATYPE. cV=0XLBo/JhIW4Y4pM0T53eSY}
{"logTime": "0606/134123", "correlationVector":"0XLBo/JhIW4Y4pM0T53eSY.1","action":"SyncServerConnectionManagerRequest", "result":"SYNC_SERVER_OK", "context":{"environment":"Prod_southeastasia_prod-s01-065-apac-southeastasia", "migrationStage":"NotStarted", "server":"akswtt00100000q"}}
{"logTime": "0606/134123", "correlationVector":"0XLBo/JhIW4Y4pM0T53eSY.2","action":"ProcessGetUpdates", "result":"Done", "context":{"dataType":"History", "deleted":"0", "process_failed_to_decrypt":"0", "process_pending_decryption":"0", "process_success":"250", "total":"250"}}
{"logTime": "0606/134123", "correlationVector":"0XLBo/JhIW4Y4pM0T53eSY.3","action":"GetUpdates Response", "result":"Success", "context":Received 250 update(s). cV=0XLBo/JhIW4Y4pM0T53eSY.0;server=akswtt00100000q;cloudType=Consumer;environment=Prod_southeastasia_prod-s01-065-apac-southeastasia;migrationStage=NotStarted Some updates remain.}
{"logTime": "0606/134123", "correlationVector":"/4xMLr2P7PJoJ/vV+CwFH8","action":"Initial GetUpdates", "result":"", "context":Reason: NEWLY_SUPPORTED_DATATYPE. cV=/4xMLr2P7PJoJ/vV+CwFH8}
{"logTime": "0606/134124", "correlationVector":"/4xMLr2P7PJoJ/vV+CwFH8.1","action":"SyncServerConnectionManagerRequest", "result":"SYNC_SERVER_OK", "context":{"environment":"Prod_southeastasia_prod-s01-065-apac-southeastasia", "migrationStage":"NotStarted", "server":"akswtt001000014"}}
{"logTime": "0606/134124", "correlationVector":"/4xMLr2P7PJoJ/vV+CwFH8.2","action":"ProcessGetUpdates", "result":"Done", "context":{"dataType":"History", "deleted":"0", "process_failed_to_decrypt":"0", "process_pending_decryption":"0", "process_success":"250", "total":"250"}}
{"logTime": "0606/134124", "correlationVector":"/4xMLr2P7PJoJ/vV+CwFH8.3","action":"GetUpdates Response", "result":"Success", "context":Received 250 update(s). cV=/4xMLr2P7PJoJ/vV+CwFH8.0;server=akswtt001000014;cloudType=Consumer;environment=Prod_southeastasia_prod-s01-065-apac-southeastasia;migrationStage=NotStarted Some updates remain.}
{"logTime": "0606/134124", "correlationVector":"Vj7kBmsrqGPkl3VqbgONyU","action":"Initial GetUpdates", "result":"", "context":Reason: NEWLY_SUPPORTED_DATATYPE. cV=Vj7kBmsrqGPkl3VqbgONyU}
{"logTime": "0606/134124", "correlationVector":"Vj7kBmsrqGPkl3VqbgONyU.1","action":"SyncServerConnectionManagerRequest", "result":"SYNC_SERVER_OK", "context":{"environment":"Prod_southeastasia_prod-s01-065-apac-southeastasia", "migrationStage":"NotStarted", "server":"akswtt00100000c"}}
{"logTime": "0606/134124", "correlationVector":"Vj7kBmsrqGPkl3VqbgONyU.2","action":"ProcessGetUpdates", "result":"Done", "context":{"dataType":"History", "deleted":"0", "process_failed_to_decrypt":"0", "process_pending_decryption":"0", "process_success":"250", "total":"250"}}
{"logTime": "0606/134124", "correlationVector":"Vj7kBmsrqGPkl3VqbgONyU.3","action":"GetUpdates Response", "result":"Success", "context":Received 250 update(s). cV=Vj7kBmsrqGPkl3VqbgONyU.0;server=akswtt00100000c;cloudType=Consumer;environment=Prod_southeastasia_prod-s01-065-apac-southeastasia;migrationStage=NotStarted Some updates remain.}
{"logTime": "0606/134124", "correlationVector":"H7ZwfnyEPABnG4untCxs5v","action":"Initial GetUpdates", "result":"", "context":Reason: NEWLY_SUPPORTED_DATATYPE. cV=H7ZwfnyEPABnG4untCxs5v}
{"logTime": "0606/134125", "correlationVector":"H7ZwfnyEPABnG4untCxs5v","action":"SyncServerConnectionManagerRequest", "result":"CONNECTION_UNAVAILABLE", "context":{"error_type":"net_error_code", "error_value":"-3"}}
{"logTime": "0606/134549", "correlationVector":"beYqy2UfTKrKdggjtKYt53","action":"Initial GetUpdates", "result":"", "context":Reason: NEWLY_SUPPORTED_DATATYPE. cV=beYqy2UfTKrKdggjtKYt53}
{"logTime": "0606/134550", "correlationVector":"beYqy2UfTKrKdggjtKYt53.1","action":"SyncServerConnectionManagerRequest", "result":"SYNC_SERVER_OK", "context":{"environment":"Prod_southeastasia_prod-s01-065-apac-southeastasia", "migrationStage":"NotStarted", "server":"akswtt001000000"}}
{"logTime": "0606/134550", "correlationVector":"beYqy2UfTKrKdggjtKYt53.2","action":"ProcessGetUpdates", "result":"Done", "context":{"dataType":"History", "deleted":"0", "process_failed_to_decrypt":"0", "process_pending_decryption":"0", "process_success":"250", "total":"250"}}
{"logTime": "0606/134550", "correlationVector":"beYqy2UfTKrKdggjtKYt53.3","action":"GetUpdates Response", "result":"Success", "context":Received 250 update(s). cV=beYqy2UfTKrKdggjtKYt53.0;server=akswtt001000000;cloudType=Consumer;environment=Prod_southeastasia_prod-s01-065-apac-southeastasia;migrationStage=NotStarted Some updates remain.}
{"logTime": "0606/134550", "correlationVector":"oAiXha1qkwNA/pJXlIfAuJ","action":"Initial GetUpdates", "result":"", "context":Reason: NEWLY_SUPPORTED_DATATYPE. cV=oAiXha1qkwNA/pJXlIfAuJ}
{"logTime": "0606/134550", "correlationVector":"oAiXha1qkwNA/pJXlIfAuJ.1","action":"SyncServerConnectionManagerRequest", "result":"SYNC_SERVER_OK", "context":{"environment":"Prod_southeastasia_prod-s01-065-apac-southeastasia", "migrationStage":"NotStarted", "server":"akswtt00100001k"}}
{"logTime": "0606/134550", "correlationVector":"oAiXha1qkwNA/pJXlIfAuJ.2","action":"ProcessGetUpdates", "result":"Done", "context":{"dataType":"History", "deleted":"0", "process_failed_to_decrypt":"0", "process_pending_decryption":"0", "process_success":"250", "total":"250"}}
{"logTime": "0606/134550", "correlationVector":"oAiXha1qkwNA/pJXlIfAuJ.3","action":"GetUpdates Response", "result":"Success", "context":Received 250 update(s). cV=oAiXha1qkwNA/pJXlIfAuJ.0;server=akswtt00100001k;cloudType=Consumer;environment=Prod_southeastasia_prod-s01-065-apac-southeastasia;migrationStage=NotStarted Some updates remain.}
{"logTime": "0606/134550", "correlationVector":"jef8HPUprzsMSoEcJ0+11R","action":"Initial GetUpdates", "result":"", "context":Reason: NEWLY_SUPPORTED_DATATYPE. cV=jef8HPUprzsMSoEcJ0+11R}
{"logTime": "0606/134551", "correlationVector":"jef8HPUprzsMSoEcJ0+11R.1","action":"SyncServerConnectionManagerRequest", "result":"SYNC_SERVER_OK", "context":{"environment":"Prod_southeastasia_prod-s01-065-apac-southeastasia", "migrationStage":"NotStarted", "server":"akswtt001000008"}}
{"logTime": "0606/134551", "correlationVector":"jef8HPUprzsMSoEcJ0+11R.2","action":"ProcessGetUpdates", "result":"Done", "context":{"dataType":"History", "deleted":"0", "process_failed_to_decrypt":"0", "process_pending_decryption":"0", "process_success":"250", "total":"250"}}
{"logTime": "0606/134551", "correlationVector":"jef8HPUprzsMSoEcJ0+11R.3","action":"GetUpdates Response", "result":"Success", "context":Received 250 update(s). cV=jef8HPUprzsMSoEcJ0+11R.0;server=akswtt001000008;cloudType=Consumer;environment=Prod_southeastasia_prod-s01-065-apac-southeastasia;migrationStage=NotStarted Some updates remain.}
{"logTime": "0606/134551", "correlationVector":"SFuaELAHRbvuntucFWm37O","action":"Initial GetUpdates", "result":"", "context":Reason: NEWLY_SUPPORTED_DATATYPE. cV=SFuaELAHRbvuntucFWm37O}
{"logTime": "0606/134551", "correlationVector":"SFuaELAHRbvuntucFWm37O.1","action":"SyncServerConnectionManagerRequest", "result":"SYNC_SERVER_OK", "context":{"environment":"Prod_southeastasia_prod-s01-065-apac-southeastasia", "migrationStage":"NotStarted", "server":"akswtt00100001k"}}
{"logTime": "0606/134551", "correlationVector":"SFuaELAHRbvuntucFWm37O.2","action":"ProcessGetUpdates", "result":"Done", "context":{"dataType":"History", "deleted":"0", "process_failed_to_decrypt":"0", "process_pending_decryption":"0", "process_success":"250", "total":"250"}}
{"logTime": "0606/134551", "correlationVector":"SFuaELAHRbvuntucFWm37O.3","action":"GetUpdates Response", "result":"Success", "context":Received 250 update(s). cV=SFuaELAHRbvuntucFWm37O.0;server=akswtt00100001k;cloudType=Consumer;environment=Prod_southeastasia_prod-s01-065-apac-southeastasia;migrationStage=NotStarted Some updates remain.}
{"logTime": "0606/134551", "correlationVector":"TrxcmeG1jhW4q2bXDja4zg","action":"Initial GetUpdates", "result":"", "context":Reason: NEWLY_SUPPORTED_DATATYPE. cV=TrxcmeG1jhW4q2bXDja4zg}
{"logTime": "0606/134552", "correlationVector":"TrxcmeG1jhW4q2bXDja4zg.1","action":"SyncServerConnectionManagerRequest", "result":"SYNC_SERVER_OK", "context":{"environment":"Prod_southeastasia_prod-s01-065-apac-southeastasia", "migrationStage":"NotStarted", "server":"akswtt00100001y"}}
{"logTime": "0606/134552", "correlationVector":"TrxcmeG1jhW4q2bXDja4zg.2","action":"ProcessGetUpdates", "result":"Done", "context":{"dataType":"History", "deleted":"0", "process_failed_to_decrypt":"0", "process_pending_decryption":"0", "process_success":"250", "total":"250"}}
{"logTime": "0606/134552", "correlationVector":"TrxcmeG1jhW4q2bXDja4zg.3","action":"GetUpdates Response", "result":"Success", "context":Received 250 update(s). cV=TrxcmeG1jhW4q2bXDja4zg.0;server=akswtt00100001y;cloudType=Consumer;environment=Prod_southeastasia_prod-s01-065-apac-southeastasia;migrationStage=NotStarted Some updates remain.}
{"logTime": "0606/134552", "correlationVector":"DwZRj2mWPEneXoeO9vaQkX","action":"Initial GetUpdates", "result":"", "context":Reason: NEWLY_SUPPORTED_DATATYPE. cV=DwZRj2mWPEneXoeO9vaQkX}
{"logTime": "0606/134552", "correlationVector":"DwZRj2mWPEneXoeO9vaQkX.1","action":"SyncServerConnectionManagerRequest", "result":"SYNC_SERVER_OK", "context":{"environment":"Prod_southeastasia_prod-s01-065-apac-southeastasia", "migrationStage":"NotStarted", "server":"akswtt001000010"}}
{"logTime": "0606/134552", "correlationVector":"DwZRj2mWPEneXoeO9vaQkX.2","action":"ProcessGetUpdates", "result":"Done", "context":{"dataType":"History", "deleted":"0", "process_failed_to_decrypt":"0", "process_pending_decryption":"0", "process_success":"250", "total":"250"}}
{"logTime": "0606/134552", "correlationVector":"DwZRj2mWPEneXoeO9vaQkX.3","action":"GetUpdates Response", "result":"Success", "context":Received 250 update(s). cV=DwZRj2mWPEneXoeO9vaQkX.0;server=akswtt001000010;cloudType=Consumer;environment=Prod_southeastasia_prod-s01-065-apac-southeastasia;migrationStage=NotStarted Some updates remain.}
{"logTime": "0606/134552", "correlationVector":"Y/aq+R9NyZuDjcix9I8haM","action":"Initial GetUpdates", "result":"", "context":Reason: NEWLY_SUPPORTED_DATATYPE. cV=Y/aq+R9NyZuDjcix9I8haM}
{"logTime": "0606/134553", "correlationVector":"Y/aq+R9NyZuDjcix9I8haM.1","action":"SyncServerConnectionManagerRequest", "result":"SYNC_SERVER_OK", "context":{"environment":"Prod_southeastasia_prod-s01-065-apac-southeastasia", "migrationStage":"NotStarted", "server":"akswtt001000000"}}
{"logTime": "0606/134553", "correlationVector":"Y/aq+R9NyZuDjcix9I8haM.2","action":"ProcessGetUpdates", "result":"Done", "context":{"dataType":"History", "deleted":"0", "process_failed_to_decrypt":"0", "process_pending_decryption":"0", "process_success":"250", "total":"250"}}
{"logTime": "0606/134553", "correlationVector":"Y/aq+R9NyZuDjcix9I8haM.3","action":"GetUpdates Response", "result":"Success", "context":Received 250 update(s). cV=Y/aq+R9NyZuDjcix9I8haM.0;server=akswtt001000000;cloudType=Consumer;environment=Prod_southeastasia_prod-s01-065-apac-southeastasia;migrationStage=NotStarted Some updates remain.}
{"logTime": "0606/134553", "correlationVector":"OS0cIerMzAIAH6GWgdddNF","action":"Initial GetUpdates", "result":"", "context":Reason: NEWLY_SUPPORTED_DATATYPE. cV=OS0cIerMzAIAH6GWgdddNF}
{"logTime": "0606/134553", "correlationVector":"OS0cIerMzAIAH6GWgdddNF.1","action":"SyncServerConnectionManagerRequest", "result":"SYNC_SERVER_OK", "context":{"environment":"Prod_southeastasia_prod-s01-065-apac-southeastasia", "migrationStage":"NotStarted", "server":"akswtt00100000o"}}
{"logTime": "0606/134553", "correlationVector":"OS0cIerMzAIAH6GWgdddNF.2","action":"ProcessGetUpdates", "result":"Done", "context":{"dataType":"History", "deleted":"0", "process_failed_to_decrypt":"0", "process_pending_decryption":"0", "process_success":"250", "total":"250"}}
{"logTime": "0606/134553", "correlationVector":"OS0cIerMzAIAH6GWgdddNF.3","action":"GetUpdates Response", "result":"Success", "context":Received 250 update(s). cV=OS0cIerMzAIAH6GWgdddNF.0;server=akswtt00100000o;cloudType=Consumer;environment=Prod_southeastasia_prod-s01-065-apac-southeastasia;migrationStage=NotStarted Some updates remain.}
{"logTime": "0606/134553", "correlationVector":"ILPLLS4Tr+BlKVBHTXAbsr","action":"Initial GetUpdates", "result":"", "context":Reason: NEWLY_SUPPORTED_DATATYPE. cV=ILPLLS4Tr+BlKVBHTXAbsr}
{"logTime": "0606/134554", "correlationVector":"ILPLLS4Tr+BlKVBHTXAbsr.1","action":"SyncServerConnectionManagerRequest", "result":"SYNC_SERVER_OK", "context":{"environment":"Prod_southeastasia_prod-s01-065-apac-southeastasia", "migrationStage":"NotStarted", "server":"akswtt001000000"}}
{"logTime": "0606/134554", "correlationVector":"ILPLLS4Tr+BlKVBHTXAbsr.2","action":"ProcessGetUpdates", "result":"Done", "context":{"dataType":"History", "deleted":"1", "process_failed_to_decrypt":"0", "process_pending_decryption":"0", "process_success":"250", "total":"250"}}
{"logTime": "0606/134554", "correlationVector":"ILPLLS4Tr+BlKVBHTXAbsr.3","action":"GetUpdates Response", "result":"Success", "context":Received 250 update(s). cV=ILPLLS4Tr+BlKVBHTXAbsr.0;server=akswtt001000000;cloudType=Consumer;environment=Prod_southeastasia_prod-s01-065-apac-southeastasia;migrationStage=NotStarted Some updates remain.}
{"logTime": "0606/134554", "correlationVector":"jSrlb3qXXDOEZgbuDN0ABP","action":"Initial GetUpdates", "result":"", "context":Reason: NEWLY_SUPPORTED_DATATYPE. cV=jSrlb3qXXDOEZgbuDN0ABP}
{"logTime": "0606/134554", "correlationVector":"jSrlb3qXXDOEZgbuDN0ABP.1","action":"SyncServerConnectionManagerRequest", "result":"SYNC_SERVER_OK", "context":{"environment":"Prod_southeastasia_prod-s01-065-apac-southeastasia", "migrationStage":"NotStarted", "server":"akswtt00100001p"}}
{"logTime": "0606/134554", "correlationVector":"jSrlb3qXXDOEZgbuDN0ABP.2","action":"ProcessGetUpdates", "result":"Done", "context":{"dataType":"History", "deleted":"0", "process_failed_to_decrypt":"0", "process_pending_decryption":"0", "process_success":"250", "total":"250"}}
{"logTime": "0606/134554", "correlationVector":"jSrlb3qXXDOEZgbuDN0ABP.3","action":"GetUpdates Response", "result":"Success", "context":Received 250 update(s). cV=jSrlb3qXXDOEZgbuDN0ABP.0;server=akswtt00100001p;cloudType=Consumer;environment=Prod_southeastasia_prod-s01-065-apac-southeastasia;migrationStage=NotStarted Some updates remain.}
{"logTime": "0606/134554", "correlationVector":"GahOQCfcxM2HvLLoBaRctr","action":"Initial GetUpdates", "result":"", "context":Reason: NEWLY_SUPPORTED_DATATYPE. cV=GahOQCfcxM2HvLLoBaRctr}
{"logTime": "0606/134555", "correlationVector":"GahOQCfcxM2HvLLoBaRctr.1","action":"SyncServerConnectionManagerRequest", "result":"SYNC_SERVER_OK", "context":{"environment":"Prod_southeastasia_prod-s01-065-apac-southeastasia", "migrationStage":"NotStarted", "server":"akswtt001000009"}}
{"logTime": "0606/134555", "correlationVector":"GahOQCfcxM2HvLLoBaRctr.2","action":"ProcessGetUpdates", "result":"Done", "context":{"dataType":"History", "deleted":"0", "process_failed_to_decrypt":"0", "process_pending_decryption":"0", "process_success":"250", "total":"250"}}
{"logTime": "0606/134555", "correlationVector":"GahOQCfcxM2HvLLoBaRctr.3","action":"GetUpdates Response", "result":"Success", "context":Received 250 update(s). cV=GahOQCfcxM2HvLLoBaRctr.0;server=akswtt001000009;cloudType=Consumer;environment=Prod_southeastasia_prod-s01-065-apac-southeastasia;migrationStage=NotStarted Some updates remain.}
{"logTime": "0606/134555", "correlationVector":"9kwEWbEnYYlDp5HbqNst7Y","action":"Initial GetUpdates", "result":"", "context":Reason: NEWLY_SUPPORTED_DATATYPE. cV=9kwEWbEnYYlDp5HbqNst7Y}
{"logTime": "0606/134555", "correlationVector":"9kwEWbEnYYlDp5HbqNst7Y.1","action":"SyncServerConnectionManagerRequest", "result":"SYNC_SERVER_OK", "context":{"environment":"Prod_southeastasia_prod-s01-065-apac-southeastasia", "migrationStage":"NotStarted", "server":"akswtt00100001k"}}
{"logTime": "0606/134555", "correlationVector":"9kwEWbEnYYlDp5HbqNst7Y.2","action":"ProcessGetUpdates", "result":"Done", "context":{"dataType":"History", "deleted":"0", "process_failed_to_decrypt":"0", "process_pending_decryption":"0", "process_success":"174", "total":"174"}}
{"logTime": "0606/134555", "correlationVector":"9kwEWbEnYYlDp5HbqNst7Y.3","action":"GetUpdates Response", "result":"Success", "context":Received 174 update(s). cV=9kwEWbEnYYlDp5HbqNst7Y.0;server=akswtt00100001k;cloudType=Consumer;environment=Prod_southeastasia_prod-s01-065-apac-southeastasia;migrationStage=NotStarted}
{"logTime": "0606/134555", "correlationVector":"k5tcHpJVSBwEjeFxV2h2rq","action":"Normal GetUpdate request", "result":"", "context":cV=k5tcHpJVSBwEjeFxV2h2rq
Nudged types: Autofill, Sessions, Device Info, User Consents, History
Refresh requested types: Bookmarks, Preferences, Passwords, Autofill Profiles, Autofill, Extensions, Sessions, Extension settings, History Delete Directives, Device Info, User Consents, Send Tab To Self, Web Apps, History, Saved Tab Group, WebAuthn Credentials, Edge E Drop, Edge Hub App Usage, Edge Wallet, Edge Workspace, Encryption Keys}
{"logTime": "0606/134556", "correlationVector":"k5tcHpJVSBwEjeFxV2h2rq.1","action":"SyncServerConnectionManagerRequest", "result":"SYNC_SERVER_OK", "context":{"environment":"Prod_southeastasia_prod-s01-065-apac-southeastasia", "migrationStage":"NotStarted", "server":"akswtt00100000m"}}
{"logTime": "0606/134556", "correlationVector":"k5tcHpJVSBwEjeFxV2h2rq.2","action":"ProcessGetUpdates", "result":"Done", "context":{"dataType":"Preferences", "deleted":"0", "process_failed_to_decrypt":"0", "process_pending_decryption":"0", "process_success":"1", "total":"1"}}
{"logTime": "0606/134556", "correlationVector":"k5tcHpJVSBwEjeFxV2h2rq.3","action":"ProcessGetUpdates", "result":"Done", "context":{"dataType":"Sessions", "deleted":"0", "process_failed_to_decrypt":"0", "process_pending_decryption":"0", "process_success":"3", "total":"3"}}
{"logTime": "0606/134556", "correlationVector":"k5tcHpJVSBwEjeFxV2h2rq.4","action":"ProcessGetUpdates", "result":"Done", "context":{"dataType":"Device Info", "deleted":"0", "process_failed_to_decrypt":"0", "process_pending_decryption":"0", "process_success":"1", "total":"1"}}
{"logTime": "0606/134556", "correlationVector":"k5tcHpJVSBwEjeFxV2h2rq.5","action":"GetUpdates Response", "result":"Success", "context":Received 5 update(s). cV=k5tcHpJVSBwEjeFxV2h2rq.0;server=akswtt00100000m;cloudType=Consumer;environment=Prod_southeastasia_prod-s01-065-apac-southeastasia;migrationStage=NotStarted}
{"logTime": "0606/134556", "correlationVector":"v85+xR97WWsTJi8TRQ9yJv","action":"Commit Request", "result":"", "context":Item count: 10
Contributing types: Autofill, Sessions, Device Info, User Consents, History}
{"logTime": "0606/134556", "correlationVector":"v85+xR97WWsTJi8TRQ9yJv.1","action":"SyncServerConnectionManagerRequest", "result":"SYNC_SERVER_OK", "context":{"environment":"Prod_southeastasia_prod-s01-065-apac-southeastasia", "migrationStage":"NotStarted", "server":"akswtt00100000k"}}
{"logTime": "0606/134556", "correlationVector":"v85+xR97WWsTJi8TRQ9yJv.2","action":"Commit Response", "result":"Success", "context":Result: Success. cV=v85+xR97WWsTJi8TRQ9yJv.0;server=akswtt00100000k;cloudType=Consumer;environment=Prod_southeastasia_prod-s01-065-apac-southeastasia;migrationStage=NotStarted}
{"logTime": "0606/134602", "correlationVector":"zJY+he5clBFMSkSYHtlU1e","action":"Commit Request", "result":"", "context":Item count: 1
Contributing types: Preferences}
{"logTime": "0606/134602", "correlationVector":"zJY+he5clBFMSkSYHtlU1e.1","action":"SyncServerConnectionManagerRequest", "result":"SYNC_SERVER_OK", "context":{"environment":"Prod_southeastasia_prod-s01-065-apac-southeastasia", "migrationStage":"NotStarted", "server":"akswtt00100000m"}}
{"logTime": "0606/134602", "correlationVector":"zJY+he5clBFMSkSYHtlU1e.2","action":"Commit Response", "result":"Success", "context":Result: Success. cV=zJY+he5clBFMSkSYHtlU1e.0;server=akswtt00100000m;cloudType=Consumer;environment=Prod_southeastasia_prod-s01-065-apac-southeastasia;migrationStage=NotStarted}
{"logTime": "0606/134649", "correlationVector":"De8BOrdCM4qJ8EkpF9HNI4","action":"Commit Request", "result":"", "context":Item count: 40
Contributing types: Passwords}
{"logTime": "0606/134651", "correlationVector":"De8BOrdCM4qJ8EkpF9HNI4.1","action":"SyncServerConnectionManagerRequest", "result":"SYNC_SERVER_OK", "context":{"environment":"Prod_southeastasia_prod-s01-065-apac-southeastasia", "migrationStage":"NotStarted", "server":"akswtt00100000k"}}
{"logTime": "0606/134651", "correlationVector":"De8BOrdCM4qJ8EkpF9HNI4.2","action":"Commit Response", "result":"Success", "context":Result: Success. cV=De8BOrdCM4qJ8EkpF9HNI4.0;server=akswtt00100000k;cloudType=Consumer;environment=Prod_southeastasia_prod-s01-065-apac-southeastasia;migrationStage=NotStarted}
{"logTime": "0606/134651", "correlationVector":"s0a9pDx02GjFMBieepP6Ll","action":"Commit Request", "result":"", "context":Item count: 40
Contributing types: Passwords}
{"logTime": "0606/134652", "correlationVector":"s0a9pDx02GjFMBieepP6Ll","action":"SyncServerConnectionManagerRequest", "result":"CONNECTION_UNAVAILABLE", "context":{"error_type":"net_error_code", "error_value":"-3"}}
{"logTime": "0610/025246", "correlationVector":"ncVBthitLf8Ps0PsFbCXQM","action":"Normal GetUpdate request", "result":"", "context":cV=ncVBthitLf8Ps0PsFbCXQM
Nudged types: Passwords, Sessions, Device Info, History
Refresh requested types: Bookmarks, Preferences, Passwords, Autofill Profiles, Autofill, Extensions, Sessions, Extension settings, History Delete Directives, Device Info, User Consents, Send Tab To Self, Web Apps, History, Saved Tab Group, WebAuthn Credentials, Edge E Drop, Edge Hub App Usage, Edge Wallet, Edge Workspace, Encryption Keys}
{"logTime": "0610/025247", "correlationVector":"ncVBthitLf8Ps0PsFbCXQM.1","action":"SyncServerConnectionManagerRequest", "result":"SYNC_SERVER_OK", "context":{"environment":"Prod_southeastasia_prod-s01-064-apac-southeastasia", "migrationStage":"NotStarted", "server":"akswtt00100001u"}}
{"logTime": "0610/025247", "correlationVector":"ncVBthitLf8Ps0PsFbCXQM.2","action":"ProcessGetUpdates", "result":"Done", "context":{"dataType":"Bookmarks", "deleted":"0", "process_failed_to_decrypt":"0", "process_pending_decryption":"0", "process_success":"2", "total":"2"}}
{"logTime": "0610/025247", "correlationVector":"ncVBthitLf8Ps0PsFbCXQM.3","action":"ProcessGetUpdates", "result":"Done", "context":{"dataType":"Passwords", "deleted":"0", "process_failed_to_decrypt":"0", "process_pending_decryption":"0", "process_success":"80", "total":"80"}}
{"logTime": "0610/025247", "correlationVector":"ncVBthitLf8Ps0PsFbCXQM.4","action":"ProcessGetUpdates", "result":"Done", "context":{"dataType":"Autofill Profiles", "deleted":"1", "process_failed_to_decrypt":"0", "process_pending_decryption":"0", "process_success":"2", "total":"2"}}
{"logTime": "0610/025247", "correlationVector":"ncVBthitLf8Ps0PsFbCXQM.5","action":"ProcessGetUpdates", "result":"Done", "context":{"dataType":"Autofill", "deleted":"0", "process_failed_to_decrypt":"0", "process_pending_decryption":"0", "process_success":"3", "total":"3"}}
{"logTime": "0610/025247", "correlationVector":"ncVBthitLf8Ps0PsFbCXQM.6","action":"ProcessGetUpdates", "result":"Done", "context":{"dataType":"Sessions", "deleted":"47", "process_failed_to_decrypt":"0", "process_pending_decryption":"0", "process_success":"50", "total":"50"}}
{"logTime": "0610/025247", "correlationVector":"ncVBthitLf8Ps0PsFbCXQM.7","action":"ProcessGetUpdates", "result":"Done", "context":{"dataType":"Device Info", "deleted":"0", "process_failed_to_decrypt":"0", "process_pending_decryption":"0", "process_success":"1", "total":"1"}}
{"logTime": "0610/025247", "correlationVector":"ncVBthitLf8Ps0PsFbCXQM.8","action":"ProcessGetUpdates", "result":"Done", "context":{"dataType":"History", "deleted":"0", "process_failed_to_decrypt":"0", "process_pending_decryption":"0", "process_success":"250", "total":"250"}}
{"logTime": "0610/025247", "correlationVector":"ncVBthitLf8Ps0PsFbCXQM.9","action":"GetUpdates Response", "result":"Success", "context":Received 388 update(s). cV=ncVBthitLf8Ps0PsFbCXQM.0;server=akswtt00100001u;cloudType=Consumer;environment=Prod_southeastasia_prod-s01-064-apac-southeastasia;migrationStage=NotStarted Some updates remain.}
{"logTime": "0610/025247", "correlationVector":"WF2r1b+Gmav1t+ptq0SmZx","action":"Normal GetUpdate request", "result":"", "context":cV=WF2r1b+Gmav1t+ptq0SmZx
Nudged types: Passwords, Sessions, Device Info, History
Refresh requested types: Bookmarks, Preferences, Passwords, Autofill Profiles, Autofill, Extensions, Sessions, Extension settings, History Delete Directives, Device Info, User Consents, Send Tab To Self, Web Apps, History, Saved Tab Group, WebAuthn Credentials, Edge E Drop, Edge Hub App Usage, Edge Wallet, Edge Workspace, Encryption Keys}
{"logTime": "0610/025248", "correlationVector":"WF2r1b+Gmav1t+ptq0SmZx.1","action":"SyncServerConnectionManagerRequest", "result":"SYNC_SERVER_OK", "context":{"environment":"Prod_southeastasia_prod-s01-064-apac-southeastasia", "migrationStage":"NotStarted", "server":"akswtt00100001n"}}
{"logTime": "0610/025248", "correlationVector":"WF2r1b+Gmav1t+ptq0SmZx.2","action":"ProcessGetUpdates", "result":"Done", "context":{"dataType":"Autofill Profiles", "deleted":"2", "process_failed_to_decrypt":"0", "process_pending_decryption":"0", "process_success":"2", "total":"2"}}
{"logTime": "0610/025248", "correlationVector":"WF2r1b+Gmav1t+ptq0SmZx.3","action":"ProcessGetUpdates", "result":"Done", "context":{"dataType":"Autofill", "deleted":"0", "process_failed_to_decrypt":"0", "process_pending_decryption":"0", "process_success":"2", "total":"2"}}
{"logTime": "0610/025248", "correlationVector":"WF2r1b+Gmav1t+ptq0SmZx.4","action":"ProcessGetUpdates", "result":"Done", "context":{"dataType":"Sessions", "deleted":"30", "process_failed_to_decrypt":"0", "process_pending_decryption":"0", "process_success":"30", "total":"30"}}
{"logTime": "0610/025248", "correlationVector":"WF2r1b+Gmav1t+ptq0SmZx.5","action":"ProcessGetUpdates", "result":"Done", "context":{"dataType":"History", "deleted":"0", "process_failed_to_decrypt":"0", "process_pending_decryption":"0", "process_success":"250", "total":"250"}}
{"logTime": "0610/025248", "correlationVector":"WF2r1b+Gmav1t+ptq0SmZx.6","action":"GetUpdates Response", "result":"Success", "context":Received 284 update(s). cV=WF2r1b+Gmav1t+ptq0SmZx.0;server=akswtt00100001n;cloudType=Consumer;environment=Prod_southeastasia_prod-s01-064-apac-southeastasia;migrationStage=NotStarted Some updates remain.}
{"logTime": "0610/025248", "correlationVector":"YqzwihpO/YA4mCWcKBSs7u","action":"Normal GetUpdate request", "result":"", "context":cV=YqzwihpO/YA4mCWcKBSs7u
Nudged types: Passwords, Sessions, Device Info, History
Refresh requested types: Bookmarks, Preferences, Passwords, Autofill Profiles, Autofill, Extensions, Sessions, Extension settings, History Delete Directives, Device Info, User Consents, Send Tab To Self, Web Apps, History, Saved Tab Group, WebAuthn Credentials, Edge E Drop, Edge Hub App Usage, Edge Wallet, Edge Workspace, Encryption Keys}
{"logTime": "0610/025248", "correlationVector":"YqzwihpO/YA4mCWcKBSs7u.1","action":"SyncServerConnectionManagerRequest", "result":"SYNC_SERVER_OK", "context":{"environment":"Prod_southeastasia_prod-s01-064-apac-southeastasia", "migrationStage":"NotStarted", "server":"akswtt00100000a"}}
{"logTime": "0610/025248", "correlationVector":"YqzwihpO/YA4mCWcKBSs7u.2","action":"ProcessGetUpdates", "result":"Done", "context":{"dataType":"Bookmarks", "deleted":"0", "process_failed_to_decrypt":"0", "process_pending_decryption":"0", "process_success":"1", "total":"1"}}
{"logTime": "0610/025248", "correlationVector":"YqzwihpO/YA4mCWcKBSs7u.3","action":"ProcessGetUpdates", "result":"Done", "context":{"dataType":"Preferences", "deleted":"0", "process_failed_to_decrypt":"0", "process_pending_decryption":"0", "process_success":"3", "total":"3"}}
{"logTime": "0610/025248", "correlationVector":"YqzwihpO/YA4mCWcKBSs7u.4","action":"ProcessGetUpdates", "result":"Done", "context":{"dataType":"Autofill Profiles", "deleted":"6", "process_failed_to_decrypt":"0", "process_pending_decryption":"0", "process_success":"6", "total":"6"}}
{"logTime": "0610/025248", "correlationVector":"YqzwihpO/YA4mCWcKBSs7u.5","action":"ProcessGetUpdates", "result":"Done", "context":{"dataType":"Autofill", "deleted":"0", "process_failed_to_decrypt":"0", "process_pending_decryption":"0", "process_success":"5", "total":"5"}}
{"logTime": "0610/025248", "correlationVector":"YqzwihpO/YA4mCWcKBSs7u.6","action":"ProcessGetUpdates", "result":"Done", "context":{"dataType":"Sessions", "deleted":"20", "process_failed_to_decrypt":"0", "process_pending_decryption":"0", "process_success":"25", "total":"25"}}
{"logTime": "0610/025248", "correlationVector":"YqzwihpO/YA4mCWcKBSs7u.7","action":"ProcessGetUpdates", "result":"Done", "context":{"dataType":"Device Info", "deleted":"0", "process_failed_to_decrypt":"0", "process_pending_decryption":"0", "process_success":"1", "total":"1"}}
{"logTime": "0610/025248", "correlationVector":"YqzwihpO/YA4mCWcKBSs7u.8","action":"ProcessGetUpdates", "result":"Done", "context":{"dataType":"History", "deleted":"0", "process_failed_to_decrypt":"0", "process_pending_decryption":"0", "process_success":"131", "total":"131"}}
{"logTime": "0610/025248", "correlationVector":"YqzwihpO/YA4mCWcKBSs7u.9","action":"GetUpdates Response", "result":"Success", "context":Received 172 update(s). cV=YqzwihpO/YA4mCWcKBSs7u.0;server=akswtt00100000a;cloudType=Consumer;environment=Prod_southeastasia_prod-s01-064-apac-southeastasia;migrationStage=NotStarted}
{"logTime": "0610/025248", "correlationVector":"W4w1hioO/ACj/bgwYdRxDZ","action":"Commit Request", "result":"", "context":Item count: 40
Contributing types: Passwords}
{"logTime": "0610/025250", "correlationVector":"W4w1hioO/ACj/bgwYdRxDZ.1","action":"SyncServerConnectionManagerRequest", "result":"SYNC_SERVER_OK", "context":{"environment":"Prod_southeastasia_prod-s01-064-apac-southeastasia", "migrationStage":"NotStarted", "server":"akswtt001000013"}}
{"logTime": "0610/025250", "correlationVector":"W4w1hioO/ACj/bgwYdRxDZ.2","action":"Commit Response", "result":"Success", "context":Result: Success. cV=W4w1hioO/ACj/bgwYdRxDZ.0;server=akswtt001000013;cloudType=Consumer;environment=Prod_southeastasia_prod-s01-064-apac-southeastasia;migrationStage=NotStarted}
{"logTime": "0610/025250", "correlationVector":"Am2mMCEM5unZiOhK4MiqOy","action":"Commit Request", "result":"", "context":Item count: 24
Contributing types: Passwords, Sessions, Device Info, History}
{"logTime": "0610/025252", "correlationVector":"Am2mMCEM5unZiOhK4MiqOy.1","action":"SyncServerConnectionManagerRequest", "result":"SYNC_SERVER_OK", "context":{"environment":"Prod_southeastasia_prod-s01-064-apac-southeastasia", "migrationStage":"NotStarted", "server":"akswtt001000004"}}
{"logTime": "0610/025252", "correlationVector":"Am2mMCEM5unZiOhK4MiqOy.2","action":"Commit Response", "result":"Success", "context":Result: Success. cV=Am2mMCEM5unZiOhK4MiqOy.0;server=akswtt001000004;cloudType=Consumer;environment=Prod_southeastasia_prod-s01-064-apac-southeastasia;migrationStage=NotStarted}
{"logTime": "0610/025253", "correlationVector":"iH+QBz6WTi1HrntTWqRghU","action":"SyncServerConnectionManagerRequest", "result":"SYNC_SERVER_OK", "context":{"environment":"", "migrationStage":"", "server":""}}
{"logTime": "0610/025253", "correlationVector":"iH+QBz6WTi1HrntTWqRghU.0","action":"EncryptionKeysFetcher.DownloadKeys:", "result":"Success", "context":Key count: 10, Last key timestamp: 2026-02-17T07:58:49Z}
{"logTime": "0610/025253", "correlationVector":"iH+QBz6WTi1HrntTWqRghU.1","action":"EncryptionKeysManager::SetEncryptionKeys:", "result":"Success", "context":Key names[10]:[CDJ1oBUalPIow096lu5CMtO/0miez4UzfkWvrYvGO/21iCUsm7zUwXsw/PF9rN6AyfTA66xaEJagkkMjFr5/pA==][pK+lRQG3JV4iFtttU02+oRjzylYPSZ6nE5jK8kAnRRHqJZE749hrtDTYBdo6G4LmxpALpXhzPIVs4PqJRrg9AA==][ph53UGs71NNa2YpqNkKuGyTmoUkgH7npqC4uU0zR20VWBun0GB6jTDlr5P1qPPxbNddQwHLqWylUvj2ACAg/rQ==][5UYb80Cy7zx7JpN418TcqzVOcwBXC1Pi9NxUXvrwXsB53C2ysM5xChRSYjuk4MW8CRM6PGgEu2yXG4MNc0WYYg==][LU9PHMZmMi4RynJoHABBo/urL9C4dWBuFSep2YtTQjew4XYhPoBle3jaMQt5EBjM8IMSv9RXXBWoXWxUPRXx3g==][kiiVWMbBXmw7NYBryJcKLwPy8/V7Ht5lpC9Vyxd5z+IXeHsqQ0SD+UP9mCSUr8rgjKowHJehrYev22yjqrEGlA==][p4NBh13yudnoR/5bEzZh9f2UqdseZhMSBbYUSiqy6Um42HFJSO3X182NcCDdBVTSGx7ZIR3K9OcxbOaJkJKbbA==][1JIv1rtgMk3CVXFlZ4w56NXnvtTdISs0AyAjbQy61AhusfcnR9q5agvKpuOZKKahVElCUK1dttb6jmTXIsB9VQ==][UzH2tdJZ911MECjNY96EwOGiQyl2RCxeUDy2exG4sFVWODOcD13kycWRu0w1yaPsfrWw8qAL2OIGWhwP/mIY3A==][3djBFLpGeji6u3b/fppue9ABfhIwvTUjIqWc6QDfIeEpHsoQ8NAbi83RIVw/iZgES+hke9em899LBH62j7cNZA==]}
{"logTime": "0610/025253", "correlationVector":"iH+QBz6WTi1HrntTWqRghU.2","action":"EncryptionKeysManager::SetEncryptionKeysWithTimestamps:", "result":"Success", "context":Key timestamps[10]:[2022-01-03T14:30:44Z][2022-11-16T12:38:16Z][2023-05-16T05:16:08Z][2023-11-12T16:06:42Z][2024-05-11T12:43:57Z][2024-06-18T14:22:30Z][2024-08-24T12:46:30Z][2025-02-20T15:33:04Z][2025-08-20T17:08:03Z][2026-02-17T07:58:49Z]}
{"logTime": "0610/025253", "correlationVector":"PBlFKT+JRDneUm2SbHyXSW","action":"Poll GetUpdate request", "result":"", "context":cV=PBlFKT+JRDneUm2SbHyXSW}
{"logTime": "0610/025254", "correlationVector":"PBlFKT+JRDneUm2SbHyXSW.1","action":"SyncServerConnectionManagerRequest", "result":"SYNC_SERVER_OK", "context":{"environment":"Prod_southeastasia_prod-s01-064-apac-southeastasia", "migrationStage":"NotStarted", "server":"akswtt00100000h"}}
{"logTime": "0610/025254", "correlationVector":"PBlFKT+JRDneUm2SbHyXSW.2","action":"ProcessGetUpdates", "result":"Done", "context":{"dataType":"Passwords", "deleted":"0", "process_failed_to_decrypt":"0", "process_pending_decryption":"0", "process_success":"52", "total":"52"}}
{"logTime": "0610/025254", "correlationVector":"PBlFKT+JRDneUm2SbHyXSW.3","action":"ProcessGetUpdates", "result":"Done", "context":{"dataType":"Sessions", "deleted":"0", "process_failed_to_decrypt":"0", "process_pending_decryption":"0", "process_success":"4", "total":"4"}}
{"logTime": "0610/025254", "correlationVector":"PBlFKT+JRDneUm2SbHyXSW.4","action":"ProcessGetUpdates", "result":"Done", "context":{"dataType":"Device Info", "deleted":"0", "process_failed_to_decrypt":"0", "process_pending_decryption":"0", "process_success":"1", "total":"1"}}
{"logTime": "0610/025254", "correlationVector":"PBlFKT+JRDneUm2SbHyXSW.5","action":"ProcessGetUpdates", "result":"Done", "context":{"dataType":"History", "deleted":"0", "process_failed_to_decrypt":"0", "process_pending_decryption":"0", "process_success":"7", "total":"7"}}
{"logTime": "0610/025254", "correlationVector":"PBlFKT+JRDneUm2SbHyXSW.6","action":"GetUpdates Response", "result":"Success", "context":Received 64 update(s). cV=PBlFKT+JRDneUm2SbHyXSW.0;server=akswtt00100000h;cloudType=Consumer;environment=Prod_southeastasia_prod-s01-064-apac-southeastasia;migrationStage=NotStarted}
{"logTime": "0610/025254", "correlationVector":"VEPn3pLlYzmuMtjPoNwqhQ","action":"DoCompareDataConsistency requsted types: ", "result":"Bookmarks, Preferences, Passwords, Extensions, Extension settings, History Delete Directives, Send Tab To Self, Web Apps, History, Saved Tab Group, WebAuthn Credentials, Edge E Drop, Edge Wallet, Edge Workspace, Encryption Keys"}
{"logTime": "0610/025254", "correlationVector":"VEPn3pLlYzmuMtjPoNwqhQ.0","action":"CompareDataConsistency result: ", "result":"Compare result: Encryption Keys is consistent. local entities count is: 1 local entities hash is: xv/McrBIzobAuPVZXOI/A/xk5b0="}
{"logTime": "0610/025254", "correlationVector":"VEPn3pLlYzmuMtjPoNwqhQ.1","action":"CompareDataConsistency result: ", "result":"Compare result: Bookmarks is consistent. local entities count is: 57 local entities hash is: tOIujSzrvis/WxIZG7UmbmE7Czk="}
{"logTime": "0610/025254", "correlationVector":"VEPn3pLlYzmuMtjPoNwqhQ.2","action":"CompareDataConsistency result: ", "result":"Compare result: Preferences is consistent. local entities count is: 119 local entities hash is: 2VUd0AY7fo6oCeMrYBOlmkYMqcE="}
{"logTime": "0610/025254", "correlationVector":"VEPn3pLlYzmuMtjPoNwqhQ.3","action":"CompareDataConsistency result: ", "result":"Compare result: Passwords is consistent. local entities count is: 154 local entities hash is: p0Lza46ym5kDCc+fDrI0gCxdlko="}
{"logTime": "0610/025254", "correlationVector":"VEPn3pLlYzmuMtjPoNwqhQ.4","action":"CompareDataConsistency result: ", "result":"Compare result: Extensions is consistent. local entities count is: 5 local entities hash is: 4QkBN3RQxUBSdLN9aN8/VoAibG8="}
{"logTime": "0610/025254", "correlationVector":"VEPn3pLlYzmuMtjPoNwqhQ.5","action":"CompareDataConsistency result: ", "result":"Compare result: Extension settings is consistent. local entities count is: 0 local entities hash is: "}
{"logTime": "0610/025254", "correlationVector":"VEPn3pLlYzmuMtjPoNwqhQ.6","action":"CompareDataConsistency result: ", "result":"Compare result: History Delete Directives is inconsistent. server entities count is: 2 server entities hash is: UY9hlc+gChHdQIp287N5B09JTpY= local entities count is: 0 local entities hash is: "}
{"logTime": "0610/025254", "correlationVector":"VEPn3pLlYzmuMtjPoNwqhQ.7","action":"CompareDataConsistency result: ", "result":"Server did not send this Send Tab To Self local entities count is: 0 local entities hash is: "}
{"logTime": "0610/025254", "correlationVector":"VEPn3pLlYzmuMtjPoNwqhQ.8","action":"CompareDataConsistency result: ", "result":"Compare result: Web Apps is consistent. local entities count is: 0 local entities hash is: "}
{"logTime": "0610/025254", "correlationVector":"VEPn3pLlYzmuMtjPoNwqhQ.9","action":"CompareDataConsistency result: ", "result":"Server did not send this History local entities count is: 0 local entities hash is: "}
{"logTime": "0610/025254", "correlationVector":"VEPn3pLlYzmuMtjPoNwqhQ.10","action":"CompareDataConsistency result: ", "result":"Compare result: Saved Tab Group is consistent. local entities count is: 11 local entities hash is: Rl+jab88zW99IxyVq9j/kvVKKOs="}
{"logTime": "0610/025254", "correlationVector":"VEPn3pLlYzmuMtjPoNwqhQ.11","action":"CompareDataConsistency result: ", "result":"Server did not send this WebAuthn Credentials local entities count is: 1 local entities hash is: SeRXe/4l9kctMOxDo3J4ZYrERoU="}
{"logTime": "0610/025254", "correlationVector":"VEPn3pLlYzmuMtjPoNwqhQ.12","action":"CompareDataConsistency result: ", "result":"Compare result: Edge E Drop is consistent. local entities count is: 0 local entities hash is: "}
{"logTime": "0610/025254", "correlationVector":"VEPn3pLlYzmuMtjPoNwqhQ.13","action":"CompareDataConsistency result: ", "result":"Compare result: Edge Wallet is consistent. local entities count is: 0 local entities hash is: "}
{"logTime": "0610/025254", "correlationVector":"VEPn3pLlYzmuMtjPoNwqhQ.14","action":"CompareDataConsistency result: ", "result":"Server did not send this Edge Workspace local entities count is: 0 local entities hash is: "}
{"logTime": "0610/025254", "correlationVector":"","action":"DIAGNOSTIC_REQUEST|v1/diagnosticData/Diagnostic.SendCheckResult()|SUCCESS", "result":""}
{"logTime": "0610/025300", "correlationVector":"X1/F9fjdouAIuIxqRD90Hr","action":"Commit Request", "result":"", "context":Item count: 1
Contributing types: Autofill}
{"logTime": "0610/025300", "correlationVector":"X1/F9fjdouAIuIxqRD90Hr.1","action":"SyncServerConnectionManagerRequest", "result":"SYNC_SERVER_OK", "context":{"environment":"Prod_southeastasia_prod-s01-064-apac-southeastasia", "migrationStage":"NotStarted", "server":"akswtt00100001u"}}
{"logTime": "0610/025300", "correlationVector":"X1/F9fjdouAIuIxqRD90Hr.2","action":"Commit Response", "result":"Success", "context":Result: Success. cV=X1/F9fjdouAIuIxqRD90Hr.0;server=akswtt00100001u;cloudType=Consumer;environment=Prod_southeastasia_prod-s01-064-apac-southeastasia;migrationStage=NotStarted}
