2026-06-02 07:16:01.541: [INFO][Sync] Reset engine, reason: 8
2026-06-02 07:16:01.541: [INFO][Sync] Stopped: Bookmarks
2026-06-02 07:16:01.541: [INFO][Sync] Stopped: Preferences
2026-06-02 07:16:01.541: [INFO][Sync] Stopped: Passwords
2026-06-02 07:16:01.541: [INFO][Sync] Stopped: Autofill Profiles
2026-06-02 07:16:01.541: [INFO][Sync] Stopped: Autofill
2026-06-02 07:16:01.541: [INFO][Sync] Stopped: Extensions
2026-06-02 07:16:01.541: [INFO][Sync] Stopped: Sessions
2026-06-02 07:16:01.541: [INFO][Sync] Stopped: Extension settings
2026-06-02 07:16:01.541: [INFO][Sync] Stopped: History Delete Directives
2026-06-02 07:16:01.541: [INFO][Sync] Stopped: Device Info
2026-06-02 07:16:01.541: [INFO][Sync] Stopped: User Consents
2026-06-02 07:16:01.541: [INFO][Sync] Stopped: Send Tab To Self
2026-06-02 07:16:01.541: [INFO][Sync] Stopped: Web Apps
2026-06-02 07:16:01.541: [INFO][Sync] Stopped: History
2026-06-02 07:16:01.541: [INFO][Sync] Stopped: Saved Tab Group
2026-06-02 07:16:01.541: [INFO][Sync] Stopped: WebAuthn Credentials
2026-06-02 07:16:01.541: [INFO][Sync] Stopped: Collection
2026-06-02 07:16:01.541: [INFO][Sync] Stopped: Edge E Drop
2026-06-02 07:16:01.541: [INFO][Sync] Stopped: Edge Hub App Usage
2026-06-02 07:16:01.541: [INFO][Sync] Stopped: Edge Journey
2026-06-02 07:16:01.541: [INFO][Sync] Stopped: Edge Wallet
2026-06-02 07:16:01.541: [INFO][Sync] Stopped: Edge Workspace
2026-06-02 07:16:01.541: [INFO][Sync] SyncState after authenticated was: NotSignedIn
2026-06-02 07:16:01.695: [INFO][Sync] Reset engine, reason: 8
2026-06-02 07:16:01.695: [INFO][Sync] Stopped: Bookmarks
2026-06-02 07:16:01.695: [INFO][Sync] Stopped: Preferences
2026-06-02 07:16:01.695: [INFO][Sync] Stopped: Passwords
2026-06-02 07:16:01.695: [INFO][Sync] Stopped: Autofill Profiles
2026-06-02 07:16:01.695: [INFO][Sync] Stopped: Autofill
2026-06-02 07:16:01.695: [INFO][Sync] Stopped: Extensions
2026-06-02 07:16:01.695: [INFO][Sync] Stopped: Sessions
2026-06-02 07:16:01.695: [INFO][Sync] Stopped: Extension settings
2026-06-02 07:16:01.695: [INFO][Sync] Stopped: History Delete Directives
2026-06-02 07:16:01.695: [INFO][Sync] Stopped: Device Info
2026-06-02 07:16:01.695: [INFO][Sync] Stopped: User Consents
2026-06-02 07:16:01.695: [INFO][Sync] Stopped: Send Tab To Self
2026-06-02 07:16:01.695: [INFO][Sync] Stopped: Web Apps
2026-06-02 07:16:01.695: [INFO][Sync] Stopped: History
2026-06-02 07:16:01.695: [INFO][Sync] Stopped: Saved Tab Group
2026-06-02 07:16:01.695: [INFO][Sync] Stopped: WebAuthn Credentials
2026-06-02 07:16:01.695: [INFO][Sync] Stopped: Collection
2026-06-02 07:16:01.695: [INFO][Sync] Stopped: Edge E Drop
2026-06-02 07:16:01.695: [INFO][Sync] Stopped: Edge Hub App Usage
2026-06-02 07:16:01.695: [INFO][Sync] Stopped: Edge Journey
2026-06-02 07:16:01.695: [INFO][Sync] Stopped: Edge Wallet
2026-06-02 07:16:01.695: [INFO][Sync] Stopped: Edge Workspace
2026-06-02 07:16:24.143: [INFO][Sync] Reset engine, reason: 0
2026-06-02 07:16:44.376: [INFO][Sync] Reset engine, reason: 8
2026-06-02 07:16:44.376: [INFO][Sync] Stopped: Bookmarks
2026-06-02 07:16:44.376: [INFO][Sync] Stopped: Preferences
2026-06-02 07:16:44.376: [INFO][Sync] Stopped: Passwords
2026-06-02 07:16:44.376: [INFO][Sync] Stopped: Autofill Profiles
2026-06-02 07:16:44.376: [INFO][Sync] Stopped: Autofill
2026-06-02 07:16:44.376: [INFO][Sync] Stopped: Extensions
2026-06-02 07:16:44.376: [INFO][Sync] Stopped: Sessions
2026-06-02 07:16:44.376: [INFO][Sync] Stopped: Extension settings
2026-06-02 07:16:44.376: [INFO][Sync] Stopped: History Delete Directives
2026-06-02 07:16:44.376: [INFO][Sync] Stopped: Device Info
2026-06-02 07:16:44.376: [INFO][Sync] Stopped: User Consents
2026-06-02 07:16:44.376: [INFO][Sync] Stopped: Send Tab To Self
2026-06-02 07:16:44.376: [INFO][Sync] Stopped: Web Apps
2026-06-02 07:16:44.376: [INFO][Sync] Stopped: History
2026-06-02 07:16:44.376: [INFO][Sync] Stopped: Saved Tab Group
2026-06-02 07:16:44.376: [INFO][Sync] Stopped: WebAuthn Credentials
2026-06-02 07:16:44.376: [INFO][Sync] Stopped: Collection
2026-06-02 07:16:44.376: [INFO][Sync] Stopped: Edge E Drop
2026-06-02 07:16:44.376: [INFO][Sync] Stopped: Edge Hub App Usage
2026-06-02 07:16:44.376: [INFO][Sync] Stopped: Edge Journey
2026-06-02 07:16:44.376: [INFO][Sync] Stopped: Edge Wallet
2026-06-02 07:16:44.376: [INFO][Sync] Stopped: Edge Workspace
2026-06-02 07:16:44.376: [INFO][Sync] SyncState after authenticated was: NotSignedIn
2026-06-02 07:16:44.502: [INFO][Sync] Reset engine, reason: 8
2026-06-02 07:16:44.502: [INFO][Sync] Stopped: Bookmarks
2026-06-02 07:16:44.502: [INFO][Sync] Stopped: Preferences
2026-06-02 07:16:44.502: [INFO][Sync] Stopped: Passwords
2026-06-02 07:16:44.502: [INFO][Sync] Stopped: Autofill Profiles
2026-06-02 07:16:44.502: [INFO][Sync] Stopped: Autofill
2026-06-02 07:16:44.502: [INFO][Sync] Stopped: Extensions
2026-06-02 07:16:44.502: [INFO][Sync] Stopped: Sessions
2026-06-02 07:16:44.502: [INFO][Sync] Stopped: Extension settings
2026-06-02 07:16:44.502: [INFO][Sync] Stopped: History Delete Directives
2026-06-02 07:16:44.502: [INFO][Sync] Stopped: Device Info
2026-06-02 07:16:44.502: [INFO][Sync] Stopped: User Consents
2026-06-02 07:16:44.502: [INFO][Sync] Stopped: Send Tab To Self
2026-06-02 07:16:44.502: [INFO][Sync] Stopped: Web Apps
2026-06-02 07:16:44.502: [INFO][Sync] Stopped: History
2026-06-02 07:16:44.502: [INFO][Sync] Stopped: Saved Tab Group
2026-06-02 07:16:44.503: [INFO][Sync] Stopped: WebAuthn Credentials
2026-06-02 07:16:44.503: [INFO][Sync] Stopped: Collection
2026-06-02 07:16:44.503: [INFO][Sync] Stopped: Edge E Drop
2026-06-02 07:16:44.503: [INFO][Sync] Stopped: Edge Hub App Usage
2026-06-02 07:16:44.503: [INFO][Sync] Stopped: Edge Journey
2026-06-02 07:16:44.503: [INFO][Sync] Stopped: Edge Wallet
2026-06-02 07:16:44.503: [INFO][Sync] Stopped: Edge Workspace
2026-06-02 07:17:42.796: [INFO][Sync] Reset engine, reason: 0
2026-06-02 07:18:29.514: [INFO][Sync] Reset engine, reason: 8
2026-06-02 07:18:29.514: [INFO][Sync] Stopped: Bookmarks
2026-06-02 07:18:29.514: [INFO][Sync] Stopped: Preferences
2026-06-02 07:18:29.514: [INFO][Sync] Stopped: Passwords
2026-06-02 07:18:29.514: [INFO][Sync] Stopped: Autofill Profiles
2026-06-02 07:18:29.514: [INFO][Sync] Stopped: Autofill
2026-06-02 07:18:29.514: [INFO][Sync] Stopped: Extensions
2026-06-02 07:18:29.514: [INFO][Sync] Stopped: Sessions
2026-06-02 07:18:29.514: [INFO][Sync] Stopped: Extension settings
2026-06-02 07:18:29.514: [INFO][Sync] Stopped: History Delete Directives
2026-06-02 07:18:29.514: [INFO][Sync] Stopped: Device Info
2026-06-02 07:18:29.514: [INFO][Sync] Stopped: User Consents
2026-06-02 07:18:29.514: [INFO][Sync] Stopped: Send Tab To Self
2026-06-02 07:18:29.514: [INFO][Sync] Stopped: Web Apps
2026-06-02 07:18:29.514: [INFO][Sync] Stopped: History
2026-06-02 07:18:29.514: [INFO][Sync] Stopped: Saved Tab Group
2026-06-02 07:18:29.514: [INFO][Sync] Stopped: WebAuthn Credentials
2026-06-02 07:18:29.514: [INFO][Sync] Stopped: Collection
2026-06-02 07:18:29.514: [INFO][Sync] Stopped: Edge E Drop
2026-06-02 07:18:29.514: [INFO][Sync] Stopped: Edge Hub App Usage
2026-06-02 07:18:29.514: [INFO][Sync] Stopped: Edge Journey
2026-06-02 07:18:29.514: [INFO][Sync] Stopped: Edge Wallet
2026-06-02 07:18:29.514: [INFO][Sync] Stopped: Edge Workspace
2026-06-02 07:18:29.514: [INFO][Sync] SyncState after authenticated was: NotSignedIn
2026-06-02 07:18:29.646: [INFO][Sync] Reset engine, reason: 8
2026-06-02 07:18:29.646: [INFO][Sync] Stopped: Bookmarks
2026-06-02 07:18:29.646: [INFO][Sync] Stopped: Preferences
2026-06-02 07:18:29.646: [INFO][Sync] Stopped: Passwords
2026-06-02 07:18:29.646: [INFO][Sync] Stopped: Autofill Profiles
2026-06-02 07:18:29.646: [INFO][Sync] Stopped: Autofill
2026-06-02 07:18:29.646: [INFO][Sync] Stopped: Extensions
2026-06-02 07:18:29.646: [INFO][Sync] Stopped: Sessions
2026-06-02 07:18:29.646: [INFO][Sync] Stopped: Extension settings
2026-06-02 07:18:29.646: [INFO][Sync] Stopped: History Delete Directives
2026-06-02 07:18:29.646: [INFO][Sync] Stopped: Device Info
2026-06-02 07:18:29.646: [INFO][Sync] Stopped: User Consents
2026-06-02 07:18:29.646: [INFO][Sync] Stopped: Send Tab To Self
2026-06-02 07:18:29.646: [INFO][Sync] Stopped: Web Apps
2026-06-02 07:18:29.646: [INFO][Sync] Stopped: History
2026-06-02 07:18:29.646: [INFO][Sync] Stopped: Saved Tab Group
2026-06-02 07:18:29.646: [INFO][Sync] Stopped: WebAuthn Credentials
2026-06-02 07:18:29.646: [INFO][Sync] Stopped: Collection
2026-06-02 07:18:29.646: [INFO][Sync] Stopped: Edge E Drop
2026-06-02 07:18:29.646: [INFO][Sync] Stopped: Edge Hub App Usage
2026-06-02 07:18:29.646: [INFO][Sync] Stopped: Edge Journey
2026-06-02 07:18:29.646: [INFO][Sync] Stopped: Edge Wallet
2026-06-02 07:18:29.646: [INFO][Sync] Stopped: Edge Workspace
2026-06-02 07:19:29.436: [INFO][Sync] Reset engine, reason: 0
2026-06-06 13:35:25.766: [INFO][Sync] Reset engine, reason: 8
2026-06-06 13:35:25.766: [INFO][Sync] Stopped: Bookmarks
2026-06-06 13:35:25.766: [INFO][Sync] Stopped: Preferences
2026-06-06 13:35:25.766: [INFO][Sync] Stopped: Passwords
2026-06-06 13:35:25.766: [INFO][Sync] Stopped: Autofill Profiles
2026-06-06 13:35:25.766: [INFO][Sync] Stopped: Autofill
2026-06-06 13:35:25.766: [INFO][Sync] Stopped: Extensions
2026-06-06 13:35:25.766: [INFO][Sync] Stopped: Sessions
2026-06-06 13:35:25.766: [INFO][Sync] Stopped: Extension settings
2026-06-06 13:35:25.766: [INFO][Sync] Stopped: History Delete Directives
2026-06-06 13:35:25.766: [INFO][Sync] Stopped: Device Info
2026-06-06 13:35:25.766: [INFO][Sync] Stopped: User Consents
2026-06-06 13:35:25.766: [INFO][Sync] Stopped: Send Tab To Self
2026-06-06 13:35:25.766: [INFO][Sync] Stopped: Web Apps
2026-06-06 13:35:25.766: [INFO][Sync] Stopped: History
2026-06-06 13:35:25.766: [INFO][Sync] Stopped: Saved Tab Group
2026-06-06 13:35:25.766: [INFO][Sync] Stopped: WebAuthn Credentials
2026-06-06 13:35:25.766: [INFO][Sync] Stopped: Edge E Drop
2026-06-06 13:35:25.766: [INFO][Sync] Stopped: Edge Hub App Usage
2026-06-06 13:35:25.766: [INFO][Sync] Stopped: Edge Journey
2026-06-06 13:35:25.766: [INFO][Sync] Stopped: Edge Wallet
2026-06-06 13:35:25.766: [INFO][Sync] Stopped: Edge Workspace
2026-06-06 13:35:25.766: [INFO][Sync] SyncState after authenticated was: NotSignedIn
2026-06-06 13:35:25.942: [INFO][Sync] Reset engine, reason: 8
2026-06-06 13:35:25.942: [INFO][Sync] Stopped: Bookmarks
2026-06-06 13:35:25.942: [INFO][Sync] Stopped: Preferences
2026-06-06 13:35:25.943: [INFO][Sync] Stopped: Passwords
2026-06-06 13:35:25.943: [INFO][Sync] Stopped: Autofill Profiles
2026-06-06 13:35:25.943: [INFO][Sync] Stopped: Autofill
2026-06-06 13:35:25.943: [INFO][Sync] Stopped: Extensions
2026-06-06 13:35:25.943: [INFO][Sync] Stopped: Sessions
2026-06-06 13:35:25.943: [INFO][Sync] Stopped: Extension settings
2026-06-06 13:35:25.943: [INFO][Sync] Stopped: History Delete Directives
2026-06-06 13:35:25.943: [INFO][Sync] Stopped: Device Info
2026-06-06 13:35:25.943: [INFO][Sync] Stopped: User Consents
2026-06-06 13:35:25.943: [INFO][Sync] Stopped: Send Tab To Self
2026-06-06 13:35:25.943: [INFO][Sync] Stopped: Web Apps
2026-06-06 13:35:25.943: [INFO][Sync] Stopped: History
2026-06-06 13:35:25.943: [INFO][Sync] Stopped: Saved Tab Group
2026-06-06 13:35:25.943: [INFO][Sync] Stopped: WebAuthn Credentials
2026-06-06 13:35:25.943: [INFO][Sync] Stopped: Edge E Drop
2026-06-06 13:35:25.943: [INFO][Sync] Stopped: Edge Hub App Usage
2026-06-06 13:35:25.943: [INFO][Sync] Stopped: Edge Journey
2026-06-06 13:35:25.943: [INFO][Sync] Stopped: Edge Wallet
2026-06-06 13:35:25.943: [INFO][Sync] Stopped: Edge Workspace
2026-06-06 13:35:49.707: [INFO][Sync] Reset engine, reason: 0
2026-06-06 13:38:37.816: [INFO][Sync] Reset engine, reason: 8
2026-06-06 13:38:37.816: [INFO][Sync] Stopped: Bookmarks
2026-06-06 13:38:37.816: [INFO][Sync] Stopped: Preferences
2026-06-06 13:38:37.816: [INFO][Sync] Stopped: Passwords
2026-06-06 13:38:37.816: [INFO][Sync] Stopped: Autofill Profiles
2026-06-06 13:38:37.816: [INFO][Sync] Stopped: Autofill
2026-06-06 13:38:37.816: [INFO][Sync] Stopped: Extensions
2026-06-06 13:38:37.816: [INFO][Sync] Stopped: Sessions
2026-06-06 13:38:37.816: [INFO][Sync] Stopped: Extension settings
2026-06-06 13:38:37.816: [INFO][Sync] Stopped: History Delete Directives
2026-06-06 13:38:37.816: [INFO][Sync] Stopped: Device Info
2026-06-06 13:38:37.816: [INFO][Sync] Stopped: User Consents
2026-06-06 13:38:37.816: [INFO][Sync] Stopped: Send Tab To Self
2026-06-06 13:38:37.816: [INFO][Sync] Stopped: Web Apps
2026-06-06 13:38:37.816: [INFO][Sync] Stopped: History
2026-06-06 13:38:37.816: [INFO][Sync] Stopped: Saved Tab Group
2026-06-06 13:38:37.816: [INFO][Sync] Stopped: WebAuthn Credentials
2026-06-06 13:38:37.816: [INFO][Sync] Stopped: Edge E Drop
2026-06-06 13:38:37.816: [INFO][Sync] Stopped: Edge Hub App Usage
2026-06-06 13:38:37.816: [INFO][Sync] Stopped: Edge Journey
2026-06-06 13:38:37.816: [INFO][Sync] Stopped: Edge Wallet
2026-06-06 13:38:37.816: [INFO][Sync] Stopped: Edge Workspace
2026-06-06 13:38:37.816: [INFO][Sync] SyncState after authenticated was: NotSignedIn
2026-06-06 13:38:38.037: [INFO][Sync] Reset engine, reason: 8
2026-06-06 13:38:38.037: [INFO][Sync] Stopped: Bookmarks
2026-06-06 13:38:38.037: [INFO][Sync] Stopped: Preferences
2026-06-06 13:38:38.037: [INFO][Sync] Stopped: Passwords
2026-06-06 13:38:38.037: [INFO][Sync] Stopped: Autofill Profiles
2026-06-06 13:38:38.037: [INFO][Sync] Stopped: Autofill
2026-06-06 13:38:38.037: [INFO][Sync] Stopped: Extensions
2026-06-06 13:38:38.037: [INFO][Sync] Stopped: Sessions
2026-06-06 13:38:38.037: [INFO][Sync] Stopped: Extension settings
2026-06-06 13:38:38.037: [INFO][Sync] Stopped: History Delete Directives
2026-06-06 13:38:38.037: [INFO][Sync] Stopped: Device Info
2026-06-06 13:38:38.037: [INFO][Sync] Stopped: User Consents
2026-06-06 13:38:38.037: [INFO][Sync] Stopped: Send Tab To Self
2026-06-06 13:38:38.037: [INFO][Sync] Stopped: Web Apps
2026-06-06 13:38:38.037: [INFO][Sync] Stopped: History
2026-06-06 13:38:38.037: [INFO][Sync] Stopped: Saved Tab Group
2026-06-06 13:38:38.037: [INFO][Sync] Stopped: WebAuthn Credentials
2026-06-06 13:38:38.037: [INFO][Sync] Stopped: Edge E Drop
2026-06-06 13:38:38.037: [INFO][Sync] Stopped: Edge Hub App Usage
2026-06-06 13:38:38.037: [INFO][Sync] Stopped: Edge Journey
2026-06-06 13:38:38.037: [INFO][Sync] Stopped: Edge Wallet
2026-06-06 13:38:38.037: [INFO][Sync] Stopped: Edge Workspace
2026-06-06 13:39:37.573: [INFO][Sync] Reset engine, reason: 0
2026-06-06 13:40:52.683: [INFO][Sync] Reset engine, reason: 8
2026-06-06 13:40:52.683: [INFO][Sync] Stopped: Bookmarks
2026-06-06 13:40:52.683: [INFO][Sync] Stopped: Preferences
2026-06-06 13:40:52.683: [INFO][Sync] Stopped: Passwords
2026-06-06 13:40:52.683: [INFO][Sync] Stopped: Autofill Profiles
2026-06-06 13:40:52.683: [INFO][Sync] Stopped: Autofill
2026-06-06 13:40:52.683: [INFO][Sync] Stopped: Extensions
2026-06-06 13:40:52.683: [INFO][Sync] Stopped: Sessions
2026-06-06 13:40:52.684: [INFO][Sync] Stopped: Extension settings
2026-06-06 13:40:52.684: [INFO][Sync] Stopped: History Delete Directives
2026-06-06 13:40:52.684: [INFO][Sync] Stopped: Device Info
2026-06-06 13:40:52.684: [INFO][Sync] Stopped: User Consents
2026-06-06 13:40:52.684: [INFO][Sync] Stopped: Send Tab To Self
2026-06-06 13:40:52.684: [INFO][Sync] Stopped: Web Apps
2026-06-06 13:40:52.684: [INFO][Sync] Stopped: History
2026-06-06 13:40:52.684: [INFO][Sync] Stopped: Saved Tab Group
2026-06-06 13:40:52.684: [INFO][Sync] Stopped: WebAuthn Credentials
2026-06-06 13:40:52.684: [INFO][Sync] Stopped: Edge E Drop
2026-06-06 13:40:52.684: [INFO][Sync] Stopped: Edge Hub App Usage
2026-06-06 13:40:52.684: [INFO][Sync] Stopped: Edge Journey
2026-06-06 13:40:52.684: [INFO][Sync] Stopped: Edge Wallet
2026-06-06 13:40:52.684: [INFO][Sync] Stopped: Edge Workspace
2026-06-06 13:40:52.684: [INFO][Sync] SyncState after authenticated was: NotSignedIn
2026-06-06 13:40:52.909: [INFO][Sync] Reset engine, reason: 8
2026-06-06 13:40:52.909: [INFO][Sync] Stopped: Bookmarks
2026-06-06 13:40:52.909: [INFO][Sync] Stopped: Preferences
2026-06-06 13:40:52.909: [INFO][Sync] Stopped: Passwords
2026-06-06 13:40:52.909: [INFO][Sync] Stopped: Autofill Profiles
2026-06-06 13:40:52.909: [INFO][Sync] Stopped: Autofill
2026-06-06 13:40:52.909: [INFO][Sync] Stopped: Extensions
2026-06-06 13:40:52.909: [INFO][Sync] Stopped: Sessions
2026-06-06 13:40:52.909: [INFO][Sync] Stopped: Extension settings
2026-06-06 13:40:52.909: [INFO][Sync] Stopped: History Delete Directives
2026-06-06 13:40:52.909: [INFO][Sync] Stopped: Device Info
2026-06-06 13:40:52.909: [INFO][Sync] Stopped: User Consents
2026-06-06 13:40:52.909: [INFO][Sync] Stopped: Send Tab To Self
2026-06-06 13:40:52.909: [INFO][Sync] Stopped: Web Apps
2026-06-06 13:40:52.909: [INFO][Sync] Stopped: History
2026-06-06 13:40:52.909: [INFO][Sync] Stopped: Saved Tab Group
2026-06-06 13:40:52.909: [INFO][Sync] Stopped: WebAuthn Credentials
2026-06-06 13:40:52.909: [INFO][Sync] Stopped: Edge E Drop
2026-06-06 13:40:52.909: [INFO][Sync] Stopped: Edge Hub App Usage
2026-06-06 13:40:52.909: [INFO][Sync] Stopped: Edge Journey
2026-06-06 13:40:52.909: [INFO][Sync] Stopped: Edge Wallet
2026-06-06 13:40:52.909: [INFO][Sync] Stopped: Edge Workspace
2026-06-06 13:40:59.637: [INFO][Sync] Try to start sync engine
2026-06-06 13:40:59.638: [INFO][SyncManagerImpl::NudgeForInitialDownload] Initial download nudge for Encryption Keys
2026-06-06 13:40:59.638: [INFO][SyncEngineBackend::LoadAndConnectNigoriController] Load and connect Nigori controller
2026-06-06 13:40:59.638: [INFO][SyncEngineBackend::DoInitialize] Control Types added: Encryption Keys
2026-06-06 13:40:59.638: [INFO][SyncManagerImpl::ConfigureSyncer] Types to download: Encryption Keys with reason: 3
2026-06-06 13:40:59.638: [INFO][SyncSchedulerImpl::DoConfigurationSyncCycleJob] Configure job was blocked
2026-06-06 13:40:59.675: [INFO][SyncAuthManager::SetLastAuthError] Current auth error: None
2026-06-06 13:40:59.675: [INFO][SyncAuthManager::EdgeLogTokenErrorState] Token error with: None for account type: MSA
2026-06-06 13:40:59.675: [INFO][Sync] Credentials changed for: EdgeSyncScopeNew
2026-06-06 13:41:00.817: [INFO][SyncAuthManager::SetLastAuthError] Current auth error: None
2026-06-06 13:41:00.817: [INFO][SyncAuthManager::EdgeLogTokenErrorState] Token error with: None for account type: MSA
2026-06-06 13:41:00.817: [INFO][Sync] Credentials changed for: EdgeSyncKeyDataScope
2026-06-06 13:41:00.817: [INFO][SyncEngineBackend::DoUpdateKeyDataCredentials] Update key data credentials
2026-06-06 13:41:00.817: [INFO][SyncEngineBackend::DoUpdateCredentials] Update credentials
2026-06-06 13:41:00.817: [INFO][SyncSchedulerImpl::DoConfigurationSyncCycleJob] Blocked types:  and types to download: Encryption Keys
2026-06-06 13:41:01.248: [INFO][Sync] Started DataTypeManager configuration, reason: 4
2026-06-06 13:41:01.248: [INFO][Sync] Configuring for: Bookmarks, Preferences, Passwords, Autofill Profiles, Autofill, Extensions, Sessions, Extension settings, History Delete Directives, Device Info, User Consents, Send Tab To Self, Web Apps, History, Saved Tab Group, WebAuthn Credentials, Edge E Drop, Edge Hub App Usage, Edge Wallet, Edge Workspace, Encryption Keys, reason: 3, current state: 0
2026-06-06 13:41:01.248: [WARN][Sync] Crypto error data types: Passwords, Autofill Profiles, Autofill
2026-06-06 13:41:01.251: [INFO][Sync] Configure, desired: Bookmarks, Preferences, Extensions, Sessions, Extension settings, History Delete Directives, Device Info, User Consents, Send Tab To Self, Web Apps, History, Saved Tab Group, WebAuthn Credentials, Edge E Drop, Edge Hub App Usage, Edge Wallet, Edge Workspace, Encryption Keys; Allow fail: Passwords, Autofill Profiles, Autofill
2026-06-06 13:41:01.251: [INFO][Sync] Loading: Bookmarks
2026-06-06 13:41:01.251: [INFO][Sync] Loading: Preferences
2026-06-06 13:41:01.251: [INFO][Sync] Loading: Extensions
2026-06-06 13:41:01.251: [INFO][Sync] Loading: Sessions
2026-06-06 13:41:01.251: [INFO][Sync] Loading: Extension settings
2026-06-06 13:41:01.251: [INFO][Sync] Loading: History Delete Directives
2026-06-06 13:41:01.251: [INFO][Sync] Loading: Device Info
2026-06-06 13:41:01.252: [INFO][Sync] Loading: User Consents
2026-06-06 13:41:01.252: [INFO][Sync] Loading: Send Tab To Self
2026-06-06 13:41:01.252: [INFO][Sync] Loading: Web Apps
2026-06-06 13:41:01.252: [INFO][Sync] Loading: History
2026-06-06 13:41:01.252: [INFO][Sync] Loading: Saved Tab Group
2026-06-06 13:41:01.252: [INFO][Sync] Loading: WebAuthn Credentials
2026-06-06 13:41:01.252: [INFO][Sync] Loading: Edge E Drop
2026-06-06 13:41:01.252: [INFO][Sync] Loading: Edge Hub App Usage
2026-06-06 13:41:01.252: [INFO][Sync] Loading: Edge Wallet
2026-06-06 13:41:01.252: [INFO][Sync] Loading: Edge Workspace
2026-06-06 13:41:01.260: [INFO][Sync] All data types are ready for configure.
2026-06-06 13:41:02.045: [INFO][Sync] Started DataTypeManager configuration, reason: 5
2026-06-06 13:41:02.045: [INFO][Sync] Configuring for: Bookmarks, Preferences, Passwords, Autofill Profiles, Autofill, Extensions, Sessions, Extension settings, History Delete Directives, Device Info, User Consents, Send Tab To Self, Web Apps, History, Saved Tab Group, WebAuthn Credentials, Edge E Drop, Edge Hub App Usage, Edge Wallet, Edge Workspace, Encryption Keys, reason: 5, current state: 1
2026-06-06 13:41:02.051: [INFO][SyncEngineBackend::DoStartConfiguration] Start configuration
2026-06-06 13:41:02.051: [INFO][SyncManagerImpl::NudgeForInitialDownload] Initial download nudge for Bookmarks
2026-06-06 13:41:02.051: [INFO][SyncManagerImpl::NudgeForInitialDownload] Initial download nudge for Preferences
2026-06-06 13:41:02.051: [INFO][SyncManagerImpl::NudgeForInitialDownload] Initial download nudge for Extensions
2026-06-06 13:41:02.051: [INFO][SyncManagerImpl::NudgeForInitialDownload] Initial download nudge for Sessions
2026-06-06 13:41:02.051: [INFO][SyncManagerImpl::NudgeForInitialDownload] Initial download nudge for Extension settings
2026-06-06 13:41:02.051: [INFO][SyncManagerImpl::NudgeForInitialDownload] Initial download nudge for History Delete Directives
2026-06-06 13:41:02.051: [INFO][SyncManagerImpl::NudgeForInitialDownload] Initial download nudge for Device Info
2026-06-06 13:41:02.051: [INFO][SyncManagerImpl::NudgeForInitialDownload] Initial download nudge for Send Tab To Self
2026-06-06 13:41:02.051: [INFO][SyncManagerImpl::NudgeForInitialDownload] Initial download nudge for Web Apps
2026-06-06 13:41:02.051: [INFO][SyncManagerImpl::NudgeForInitialDownload] Initial download nudge for History
2026-06-06 13:41:02.051: [INFO][SyncManagerImpl::NudgeForInitialDownload] Initial download nudge for Saved Tab Group
2026-06-06 13:41:02.051: [INFO][SyncManagerImpl::NudgeForInitialDownload] Initial download nudge for WebAuthn Credentials
2026-06-06 13:41:02.051: [INFO][SyncManagerImpl::NudgeForInitialDownload] Initial download nudge for Edge E Drop
2026-06-06 13:41:02.051: [INFO][SyncManagerImpl::NudgeForInitialDownload] Initial download nudge for Edge Hub App Usage
2026-06-06 13:41:02.051: [INFO][SyncManagerImpl::NudgeForInitialDownload] Initial download nudge for Edge Wallet
2026-06-06 13:41:02.051: [INFO][SyncManagerImpl::NudgeForInitialDownload] Initial download nudge for Edge Workspace
2026-06-06 13:41:02.051: [INFO][SyncManagerImpl::ConfigureSyncer] Types to download:  with reason: 3
2026-06-06 13:41:02.051: [INFO][SyncEngineBackend::DoFinishConfigureDataTypes] Failed to download types:  and succeeded types: 
2026-06-06 13:41:02.051: [INFO][Sync] ConfigurationDone, failed: , succeeded: , remaining count: 4
2026-06-06 13:41:02.051: [WARN][Sync]     Reconfigure requested while configuration ongoing.
2026-06-06 13:41:02.051: [INFO][Sync] Configuring for: Bookmarks, Preferences, Passwords, Autofill Profiles, Autofill, Extensions, Sessions, Extension settings, History Delete Directives, Device Info, User Consents, Send Tab To Self, Web Apps, History, Saved Tab Group, WebAuthn Credentials, Edge E Drop, Edge Hub App Usage, Edge Wallet, Edge Workspace, Encryption Keys, reason: 5, current state: 2
2026-06-06 13:41:02.051: [INFO][Sync] Configure, desired: Bookmarks, Preferences, Passwords, Autofill Profiles, Autofill, Extensions, Sessions, Extension settings, History Delete Directives, Device Info, User Consents, Send Tab To Self, Web Apps, History, Saved Tab Group, WebAuthn Credentials, Edge E Drop, Edge Hub App Usage, Edge Wallet, Edge Workspace, Encryption Keys; Allow fail: 
2026-06-06 13:41:02.051: [INFO][Sync] Loading: Passwords
2026-06-06 13:41:02.051: [INFO][Sync] Loading: Autofill Profiles
2026-06-06 13:41:02.051: [INFO][Sync] Loading: Autofill
2026-06-06 13:41:02.051: [INFO][Sync] All data types are ready for configure.
2026-06-06 13:41:02.051: [INFO][SyncManagerImpl::NudgeForInitialDownload] Initial download nudge for Passwords
2026-06-06 13:41:02.051: [INFO][SyncManagerImpl::NudgeForInitialDownload] Initial download nudge for Autofill Profiles
2026-06-06 13:41:02.051: [INFO][SyncManagerImpl::NudgeForInitialDownload] Initial download nudge for Autofill
2026-06-06 13:41:02.051: [INFO][SyncManagerImpl::ConfigureSyncer] Types to download:  with reason: 5
2026-06-06 13:41:02.051: [INFO][SyncEngineBackend::DoFinishConfigureDataTypes] Failed to download types:  and succeeded types: 
2026-06-06 13:41:02.051: [INFO][Sync] ConfigurationDone, failed: , succeeded: , remaining count: 4
2026-06-06 13:41:02.051: [INFO][Sync] Prepare to configure types: Preferences, Passwords, Device Info, Send Tab To Self, Edge E Drop, Encryption Keys
2026-06-06 13:41:02.051: [INFO][SyncManagerImpl::ConfigureSyncer] Types to download: Preferences, Passwords, Device Info, Send Tab To Self, Edge E Drop, Encryption Keys with reason: 5
2026-06-06 13:41:02.051: [INFO][SyncSchedulerImpl::DoConfigurationSyncCycleJob] Blocked types:  and types to download: Preferences, Passwords, Device Info, Send Tab To Self, Edge E Drop, Encryption Keys
2026-06-06 13:41:03.238: [INFO][SyncEngineBackend::DoFinishConfigureDataTypes] Failed to download types:  and succeeded types: Preferences, Passwords, Device Info, Send Tab To Self, Edge E Drop, Encryption Keys
2026-06-06 13:41:03.243: [INFO][Sync] ConfigurationDone, failed: , succeeded: Preferences, Passwords, Device Info, Send Tab To Self, Edge E Drop, Encryption Keys, remaining count: 3
2026-06-06 13:41:03.243: [INFO][Sync] Prepare to configure types: Bookmarks, Encryption Keys
2026-06-06 13:41:03.244: [INFO][SyncManagerImpl::ConfigureSyncer] Types to download: Bookmarks, Encryption Keys with reason: 5
2026-06-06 13:41:03.244: [INFO][SyncSchedulerImpl::DoConfigurationSyncCycleJob] Blocked types:  and types to download: Bookmarks, Encryption Keys
2026-06-06 13:41:03.606: [INFO][SyncEngineBackend::DoFinishConfigureDataTypes] Failed to download types:  and succeeded types: Bookmarks, Encryption Keys
2026-06-06 13:41:03.647: [INFO][Sync] ConfigurationDone, failed: , succeeded: Bookmarks, Encryption Keys, remaining count: 2
2026-06-06 13:41:03.648: [INFO][Sync] Prepare to configure types: Autofill Profiles, Autofill, Extensions, Sessions, Extension settings, History Delete Directives, Web Apps, Saved Tab Group, WebAuthn Credentials, Edge Hub App Usage, Edge Wallet, Edge Workspace, Encryption Keys
2026-06-06 13:41:03.648: [INFO][SyncManagerImpl::ConfigureSyncer] Types to download: Autofill Profiles, Autofill, Extensions, Sessions, Extension settings, History Delete Directives, Web Apps, Saved Tab Group, WebAuthn Credentials, Edge Hub App Usage, Edge Wallet, Edge Workspace, Encryption Keys with reason: 5
2026-06-06 13:41:03.648: [INFO][SyncSchedulerImpl::DoConfigurationSyncCycleJob] Blocked types:  and types to download: Autofill Profiles, Autofill, Extensions, Sessions, Extension settings, History Delete Directives, Web Apps, Saved Tab Group, WebAuthn Credentials, Edge Hub App Usage, Edge Wallet, Edge Workspace, Encryption Keys
2026-06-06 13:41:16.662: [INFO][SyncEngineBackend::DoFinishConfigureDataTypes] Failed to download types:  and succeeded types: Autofill Profiles, Autofill, Extensions, Sessions, Extension settings, History Delete Directives, Web Apps, Saved Tab Group, WebAuthn Credentials, Edge Hub App Usage, Edge Wallet, Edge Workspace, Encryption Keys
2026-06-06 13:41:16.662: [INFO][Sync] ConfigurationDone, failed: , succeeded: Autofill Profiles, Autofill, Extensions, Sessions, Extension settings, History Delete Directives, Web Apps, Saved Tab Group, WebAuthn Credentials, Edge Hub App Usage, Edge Wallet, Edge Workspace, Encryption Keys, remaining count: 1
2026-06-06 13:41:16.665: [INFO][Sync] Prepare to configure types: History, Encryption Keys
2026-06-06 13:41:16.665: [INFO][SyncManagerImpl::ConfigureSyncer] Types to download: History, Encryption Keys with reason: 5
2026-06-06 13:41:16.665: [INFO][SyncSchedulerImpl::DoConfigurationSyncCycleJob] Blocked types:  and types to download: History, Encryption Keys
2026-06-06 13:41:25.429: [INFO][Sync] Reset engine, reason: 0
2026-06-06 13:41:25.429: [INFO][Sync] Reset engine with reason: 0
2026-06-06 13:41:25.429: [INFO][SyncSchedulerImpl::OnSyncNetworkError] Syncer error: Network error (ERR_ABORTED)
2026-06-06 13:41:25.431: [INFO][SyncSchedulerImpl::DoConfigurationSyncCycleJob] Syncer error: Success
2026-06-06 13:45:48.961: [INFO][Sync] SyncState after authenticated was: FeatureCanStart
2026-06-06 13:45:49.308: [INFO][SyncAuthManager::SetLastAuthError] Current auth error: None
2026-06-06 13:45:49.308: [INFO][SyncAuthManager::EdgeLogTokenErrorState] Token error with: None for account type: MSA
2026-06-06 13:45:49.308: [INFO][Sync] Credentials changed for: EdgeSyncKeyDataScope
2026-06-06 13:45:49.366: [INFO][Sync] Try to start sync engine
2026-06-06 13:45:49.376: [INFO][SyncEngineBackend::LoadAndConnectNigoriController] Load and connect Nigori controller
2026-06-06 13:45:49.376: [INFO][SyncEngineBackend::DoInitialize] Control Types added: 
2026-06-06 13:45:49.376: [INFO][SyncManagerImpl::ConfigureSyncer] Types to download:  with reason: 4
2026-06-06 13:45:49.376: [INFO][SyncEngineBackend::DoUpdateKeyDataCredentials] Update key data credentials
2026-06-06 13:45:49.421: [INFO][Sync] Started DataTypeManager configuration, reason: 4
2026-06-06 13:45:49.421: [INFO][Sync] Configuring for: Bookmarks, Preferences, Passwords, Autofill Profiles, Autofill, Extensions, Sessions, Extension settings, History Delete Directives, Device Info, User Consents, Send Tab To Self, Web Apps, History, Saved Tab Group, WebAuthn Credentials, Edge E Drop, Edge Hub App Usage, Edge Wallet, Edge Workspace, Encryption Keys, reason: 4, current state: 0
2026-06-06 13:45:49.422: [INFO][SyncEngineBackend::DoStartConfiguration] Start configuration
2026-06-06 13:45:49.434: [INFO][Sync] Configure, desired: Bookmarks, Preferences, Passwords, Autofill Profiles, Autofill, Extensions, Sessions, Extension settings, History Delete Directives, Device Info, User Consents, Send Tab To Self, Web Apps, History, Saved Tab Group, WebAuthn Credentials, Edge E Drop, Edge Hub App Usage, Edge Wallet, Edge Workspace, Encryption Keys; Allow fail: 
2026-06-06 13:45:49.434: [INFO][Sync] Loading: Bookmarks
2026-06-06 13:45:49.434: [INFO][Sync] Loading: Preferences
2026-06-06 13:45:49.434: [INFO][Sync] Loading: Passwords
2026-06-06 13:45:49.434: [INFO][Sync] Loading: Autofill Profiles
2026-06-06 13:45:49.434: [INFO][Sync] Loading: Autofill
2026-06-06 13:45:49.434: [INFO][Sync] Loading: Extensions
2026-06-06 13:45:49.434: [INFO][Sync] Loading: Sessions
2026-06-06 13:45:49.434: [INFO][Sync] Loading: Extension settings
2026-06-06 13:45:49.434: [INFO][Sync] Loading: History Delete Directives
2026-06-06 13:45:49.434: [INFO][Sync] Loading: Device Info
2026-06-06 13:45:49.434: [INFO][Sync] Loading: User Consents
2026-06-06 13:45:49.434: [INFO][Sync] Loading: Send Tab To Self
2026-06-06 13:45:49.434: [INFO][Sync] Loading: Web Apps
2026-06-06 13:45:49.434: [INFO][Sync] Loading: History
2026-06-06 13:45:49.434: [INFO][Sync] Loading: Saved Tab Group
2026-06-06 13:45:49.434: [INFO][Sync] Loading: WebAuthn Credentials
2026-06-06 13:45:49.434: [INFO][Sync] Loading: Edge E Drop
2026-06-06 13:45:49.434: [INFO][Sync] Loading: Edge Hub App Usage
2026-06-06 13:45:49.434: [INFO][Sync] Loading: Edge Wallet
2026-06-06 13:45:49.434: [INFO][Sync] Loading: Edge Workspace
2026-06-06 13:45:49.444: [INFO][SyncAuthManager::SetLastAuthError] Current auth error: None
2026-06-06 13:45:49.444: [INFO][SyncAuthManager::EdgeLogTokenErrorState] Token error with: None for account type: MSA
2026-06-06 13:45:49.444: [INFO][Sync] Credentials changed for: EdgeSyncScopeNew
2026-06-06 13:45:49.444: [INFO][SyncEngineBackend::DoUpdateCredentials] Update credentials
2026-06-06 13:45:49.444: [INFO][SyncEngineBackend::DoUpdateKeyDataCredentials] Update key data credentials
2026-06-06 13:45:49.490: [INFO][Sync] All data types are ready for configure.
2026-06-06 13:45:49.490: [INFO][SyncManagerImpl::NudgeForInitialDownload] Initial download nudge for History
2026-06-06 13:45:49.491: [INFO][SyncManagerImpl::ConfigureSyncer] Types to download:  with reason: 4
2026-06-06 13:45:49.491: [INFO][SyncEngineBackend::DoFinishConfigureDataTypes] Failed to download types:  and succeeded types: 
2026-06-06 13:45:49.491: [INFO][Sync] ConfigurationDone, failed: , succeeded: , remaining count: 4
2026-06-06 13:45:49.491: [INFO][SyncManagerImpl::ConfigureSyncer] Types to download:  with reason: 4
2026-06-06 13:45:49.491: [INFO][SyncEngineBackend::DoFinishConfigureDataTypes] Failed to download types:  and succeeded types: 
2026-06-06 13:45:49.494: [INFO][Sync] ConfigurationDone, failed: , succeeded: , remaining count: 3
2026-06-06 13:45:49.494: [INFO][SyncManagerImpl::ConfigureSyncer] Types to download:  with reason: 4
2026-06-06 13:45:49.494: [INFO][SyncEngineBackend::DoFinishConfigureDataTypes] Failed to download types:  and succeeded types: 
2026-06-06 13:45:49.494: [INFO][Sync] ConfigurationDone, failed: , succeeded: , remaining count: 2
2026-06-06 13:45:49.494: [INFO][SyncManagerImpl::ConfigureSyncer] Types to download:  with reason: 4
2026-06-06 13:45:49.494: [INFO][SyncEngineBackend::DoFinishConfigureDataTypes] Failed to download types:  and succeeded types: 
2026-06-06 13:45:49.494: [INFO][Sync] ConfigurationDone, failed: , succeeded: , remaining count: 1
2026-06-06 13:45:49.509: [INFO][Sync] Prepare to configure types: History, Encryption Keys
2026-06-06 13:45:49.509: [INFO][SyncManagerImpl::ConfigureSyncer] Types to download: History, Encryption Keys with reason: 4
2026-06-06 13:45:49.509: [INFO][SyncSchedulerImpl::DoConfigurationSyncCycleJob] Blocked types:  and types to download: History, Encryption Keys
2026-06-06 13:45:55.766: [INFO][SyncEngineBackend::DoFinishConfigureDataTypes] Failed to download types:  and succeeded types: History, Encryption Keys
2026-06-06 13:45:55.783: [INFO][Sync] ConfigurationDone, failed: , succeeded: History, Encryption Keys, remaining count: 0
2026-06-06 13:45:55.797: [INFO][Sync]     Configuration completed, state: 3
2026-06-06 13:45:55.797: [INFO][Sync] Configured DataTypeManager: Ok
2026-06-06 13:45:55.813: [INFO][SyncEngineBackend::DoStartSyncing] Start syncing
2026-06-06 13:46:52.023: [INFO][Sync] Reset engine, reason: 0
2026-06-06 13:46:52.023: [INFO][Sync] Reset engine with reason: 0
2026-06-06 13:46:52.023: [INFO][SyncSchedulerImpl::OnSyncNetworkError] Syncer error: Network error (ERR_ABORTED)
2026-06-06 13:46:52.024: [INFO][Commit::ReportFullCommitFailure] Commit Passwords failed with error: NetworkError
2026-06-06 13:46:52.024: [INFO][SyncSchedulerImpl::DoNudgeSyncCycleJob] Syncer error: Network error (ERR_ABORTED)
2026-06-10 02:52:45.875: [INFO][Sync] SyncState after authenticated was: FeatureCanStart
2026-06-10 02:52:46.116: [INFO][Sync] Try to start sync engine
2026-06-10 02:52:46.121: [INFO][SyncEngineBackend::LoadAndConnectNigoriController] Load and connect Nigori controller
2026-06-10 02:52:46.121: [INFO][SyncEngineBackend::DoInitialize] Control Types added: 
2026-06-10 02:52:46.121: [INFO][SyncManagerImpl::ConfigureSyncer] Types to download:  with reason: 4
2026-06-10 02:52:46.155: [INFO][SyncAuthManager::SetLastAuthError] Current auth error: None
2026-06-10 02:52:46.155: [INFO][SyncAuthManager::EdgeLogTokenErrorState] Token error with: None for account type: MSA
2026-06-10 02:52:46.155: [INFO][Sync] Credentials changed for: EdgeSyncScopeNew
2026-06-10 02:52:46.168: [INFO][Sync] Started DataTypeManager configuration, reason: 4
2026-06-10 02:52:46.168: [INFO][Sync] Configuring for: Bookmarks, Preferences, Passwords, Autofill Profiles, Autofill, Extensions, Sessions, Extension settings, History Delete Directives, Device Info, User Consents, Send Tab To Self, Web Apps, History, Saved Tab Group, WebAuthn Credentials, Edge E Drop, Edge Hub App Usage, Edge Wallet, Edge Workspace, Encryption Keys, reason: 4, current state: 0
2026-06-10 02:52:46.168: [INFO][SyncEngineBackend::DoStartConfiguration] Start configuration
2026-06-10 02:52:46.175: [INFO][Sync] Configure, desired: Bookmarks, Preferences, Passwords, Autofill Profiles, Autofill, Extensions, Sessions, Extension settings, History Delete Directives, Device Info, User Consents, Send Tab To Self, Web Apps, History, Saved Tab Group, WebAuthn Credentials, Edge E Drop, Edge Hub App Usage, Edge Wallet, Edge Workspace, Encryption Keys; Allow fail: 
2026-06-10 02:52:46.175: [INFO][Sync] Loading: Bookmarks
2026-06-10 02:52:46.175: [INFO][Sync] Loading: Preferences
2026-06-10 02:52:46.175: [INFO][Sync] Loading: Passwords
2026-06-10 02:52:46.175: [INFO][Sync] Loading: Autofill Profiles
2026-06-10 02:52:46.175: [INFO][Sync] Loading: Autofill
2026-06-10 02:52:46.175: [INFO][Sync] Loading: Extensions
2026-06-10 02:52:46.175: [INFO][Sync] Loading: Sessions
2026-06-10 02:52:46.175: [INFO][Sync] Loading: Extension settings
2026-06-10 02:52:46.175: [INFO][Sync] Loading: History Delete Directives
2026-06-10 02:52:46.175: [INFO][Sync] Loading: Device Info
2026-06-10 02:52:46.175: [INFO][Sync] Loading: User Consents
2026-06-10 02:52:46.175: [INFO][Sync] Loading: Send Tab To Self
2026-06-10 02:52:46.175: [INFO][Sync] Loading: Web Apps
2026-06-10 02:52:46.175: [INFO][Sync] Loading: History
2026-06-10 02:52:46.175: [INFO][Sync] Loading: Saved Tab Group
2026-06-10 02:52:46.175: [INFO][Sync] Loading: WebAuthn Credentials
2026-06-10 02:52:46.175: [INFO][Sync] Loading: Edge E Drop
2026-06-10 02:52:46.175: [INFO][Sync] Loading: Edge Hub App Usage
2026-06-10 02:52:46.175: [INFO][Sync] Loading: Edge Wallet
2026-06-10 02:52:46.175: [INFO][Sync] Loading: Edge Workspace
2026-06-10 02:52:46.205: [INFO][Sync] All data types are ready for configure.
2026-06-10 02:52:46.205: [INFO][SyncManagerImpl::ConfigureSyncer] Types to download:  with reason: 4
2026-06-10 02:52:46.205: [INFO][SyncEngineBackend::DoFinishConfigureDataTypes] Failed to download types:  and succeeded types: 
2026-06-10 02:52:46.205: [INFO][Sync] ConfigurationDone, failed: , succeeded: , remaining count: 4
2026-06-10 02:52:46.205: [INFO][SyncManagerImpl::ConfigureSyncer] Types to download:  with reason: 4
2026-06-10 02:52:46.205: [INFO][SyncEngineBackend::DoFinishConfigureDataTypes] Failed to download types:  and succeeded types: 
2026-06-10 02:52:46.207: [INFO][Sync] ConfigurationDone, failed: , succeeded: , remaining count: 3
2026-06-10 02:52:46.207: [INFO][SyncManagerImpl::ConfigureSyncer] Types to download:  with reason: 4
2026-06-10 02:52:46.207: [INFO][SyncEngineBackend::DoFinishConfigureDataTypes] Failed to download types:  and succeeded types: 
2026-06-10 02:52:46.207: [INFO][Sync] ConfigurationDone, failed: , succeeded: , remaining count: 2
2026-06-10 02:52:46.207: [INFO][SyncManagerImpl::ConfigureSyncer] Types to download:  with reason: 4
2026-06-10 02:52:46.207: [INFO][SyncEngineBackend::DoFinishConfigureDataTypes] Failed to download types:  and succeeded types: 
2026-06-10 02:52:46.207: [INFO][Sync] ConfigurationDone, failed: , succeeded: , remaining count: 1
2026-06-10 02:52:46.214: [INFO][SyncManagerImpl::ConfigureSyncer] Types to download:  with reason: 4
2026-06-10 02:52:46.214: [INFO][SyncEngineBackend::DoFinishConfigureDataTypes] Failed to download types:  and succeeded types: 
2026-06-10 02:52:46.214: [INFO][Sync] ConfigurationDone, failed: , succeeded: , remaining count: 0
2026-06-10 02:52:46.220: [INFO][Sync]     Configuration completed, state: 3
2026-06-10 02:52:46.220: [INFO][Sync] Configured DataTypeManager: Ok
2026-06-10 02:52:46.227: [INFO][SyncEngineBackend::DoStartSyncing] Start syncing
2026-06-10 02:52:46.720: [INFO][SyncAuthManager::SetLastAuthError] Current auth error: None
2026-06-10 02:52:46.720: [INFO][SyncAuthManager::EdgeLogTokenErrorState] Token error with: None for account type: MSA
2026-06-10 02:52:46.720: [INFO][Sync] Credentials changed for: EdgeSyncKeyDataScope
2026-06-10 02:52:46.720: [INFO][SyncEngineBackend::DoUpdateKeyDataCredentials] Update key data credentials
2026-06-10 02:52:46.720: [INFO][SyncEngineBackend::DoUpdateCredentials] Update credentials
2026-06-10 02:53:09.121: [INFO][Sync] Reset engine, reason: 0
2026-06-10 02:53:09.121: [INFO][Sync] Reset engine with reason: 0
