2026-06-02 07:16:01.622: [INFO] VisibilityChanged: 0
2026-06-02 07:16:01.668: [INFO] RecordSyncInitDuration has_sync_been_enabled: 0 state: 0
2026-06-02 07:16:01.669: [INFO] RecordSyncInitDuration has_sync_been_enabled: 0 state: 0
2026-06-02 07:16:01.670: [INFO] RecordSyncInitDuration has_sync_been_enabled: 0 state: 0
2026-06-02 07:16:01.671: [INFO] RecordSyncInitDuration has_sync_been_enabled: 0 state: 0
2026-06-02 07:16:01.672: [INFO] RecordSyncInitDuration has_sync_been_enabled: 0 state: 0
2026-06-02 07:16:01.673: [INFO] RecordSyncInitDuration has_sync_been_enabled: 0 state: 0
2026-06-02 07:16:01.673: [INFO] RecordSyncInitDuration has_sync_been_enabled: 0 state: 0
2026-06-02 07:16:01.674: [INFO] RecordSyncInitDuration has_sync_been_enabled: 0 state: 0
2026-06-02 07:16:01.676: [INFO] RecordSyncInitDuration has_sync_been_enabled: 0 state: 0
2026-06-02 07:16:01.676: [INFO] RecordSyncInitDuration has_sync_been_enabled: 0 state: 0
2026-06-02 07:16:01.677: [INFO] RecordSyncInitDuration has_sync_been_enabled: 0 state: 0
2026-06-02 07:16:01.678: [INFO] RecordSyncInitDuration has_sync_been_enabled: 0 state: 0
2026-06-02 07:16:01.687: [INFO] BookmarkNodeAdded, ABU: 0
2026-06-02 07:16:01.688: [INFO] BookmarkNodeAdded, ABU: 0
2026-06-02 07:16:01.688: [INFO] BookmarkNodeAdded, ABU: 0
2026-06-02 07:16:01.688: [INFO] BookmarkModelLoaded, ids_reassigned: 0
2026-06-02 07:16:01.688: [INFO] OnDoneLoading sync enabled: 0
2026-06-02 07:16:01.697: [INFO] RecordSyncInitDuration has_sync_been_enabled: 0 state: 0
2026-06-02 07:16:44.449: [INFO] VisibilityChanged: 0
2026-06-02 07:16:44.502: [INFO] BookmarkModelLoaded, ids_reassigned: 0
2026-06-02 07:16:44.502: [INFO] OnDoneLoading sync enabled: 0
2026-06-02 07:16:44.504: [INFO] RecordSyncInitDuration has_sync_been_enabled: 0 state: 0
2026-06-02 07:18:29.590: [INFO] VisibilityChanged: 0
2026-06-02 07:18:29.645: [INFO] BookmarkModelLoaded, ids_reassigned: 0
2026-06-02 07:18:29.645: [INFO] OnDoneLoading sync enabled: 0
2026-06-02 07:18:29.647: [INFO] RecordSyncInitDuration has_sync_been_enabled: 0 state: 0
2026-06-06 13:35:25.868: [INFO] VisibilityChanged: 0
2026-06-06 13:35:25.941: [INFO] BookmarkModelLoaded, ids_reassigned: 0
2026-06-06 13:35:25.941: [INFO] OnDoneLoading sync enabled: 0
2026-06-06 13:35:25.945: [INFO] RecordSyncInitDuration has_sync_been_enabled: 0 state: 0
2026-06-06 13:38:37.958: [INFO] VisibilityChanged: 0
2026-06-06 13:38:38.037: [INFO] BookmarkModelLoaded, ids_reassigned: 0
2026-06-06 13:38:38.037: [INFO] OnDoneLoading sync enabled: 0
2026-06-06 13:38:38.042: [INFO] RecordSyncInitDuration has_sync_been_enabled: 0 state: 0
2026-06-06 13:40:52.825: [INFO] VisibilityChanged: 0
2026-06-06 13:40:52.908: [INFO] BookmarkModelLoaded, ids_reassigned: 0
2026-06-06 13:40:52.908: [INFO] OnDoneLoading sync enabled: 0
2026-06-06 13:40:52.914: [INFO] RecordSyncInitDuration has_sync_been_enabled: 0 state: 0
2026-06-06 13:40:59.636: [INFO] RecordSyncInitDuration has_sync_been_enabled: 0 state: 0
2026-06-06 13:40:59.641: [INFO] RecordSyncInitDuration has_sync_been_enabled: 0 state: 3
2026-06-06 13:40:59.645: [INFO] Primary account changed.
2026-06-06 13:40:59.645: [INFO] OnPrimaryAccountChanged PrimaryAccountChangeEvent::Type::kSet
2026-06-06 13:41:03.235: [INFO] VisibilityChanged: 1
2026-06-06 13:41:03.603: [INFO] BookmarkNodeAdded, ABU: 0
2026-06-06 13:41:03.604: [INFO] BookmarkNodeAdded, ABU: 0
2026-06-06 13:41:03.605: [INFO] BookmarkNodeAdded, ABU: 0
2026-06-06 13:41:03.606: [INFO] BookmarkNodeAdded, ABU: 0
2026-06-06 13:41:03.607: [INFO] BookmarkNodeAdded, ABU: 0
2026-06-06 13:41:03.608: [INFO] BookmarkNodeAdded, ABU: 0
2026-06-06 13:41:03.608: [INFO] BookmarkNodeAdded, ABU: 0
2026-06-06 13:41:03.609: [INFO] BookmarkNodeAdded, ABU: 0
2026-06-06 13:41:03.610: [INFO] BookmarkNodeAdded, ABU: 0
2026-06-06 13:41:03.611: [INFO] BookmarkNodeAdded, ABU: 0
2026-06-06 13:41:03.612: [INFO] BookmarkNodeAdded, ABU: 0
2026-06-06 13:41:03.613: [INFO] BookmarkNodeAdded, ABU: 0
2026-06-06 13:41:03.614: [INFO] BookmarkNodeAdded, ABU: 0
2026-06-06 13:41:03.615: [INFO] BookmarkNodeAdded, ABU: 0
2026-06-06 13:41:03.616: [INFO] BookmarkNodeAdded, ABU: 0
2026-06-06 13:41:03.617: [INFO] BookmarkNodeAdded, ABU: 0
2026-06-06 13:41:03.618: [INFO] BookmarkNodeAdded, ABU: 0
2026-06-06 13:41:03.619: [INFO] BookmarkNodeAdded, ABU: 0
2026-06-06 13:41:03.620: [INFO] BookmarkNodeAdded, ABU: 0
2026-06-06 13:41:03.621: [INFO] BookmarkNodeAdded, ABU: 0
2026-06-06 13:41:03.621: [INFO] BookmarkNodeAdded, ABU: 0
2026-06-06 13:41:03.622: [INFO] BookmarkNodeAdded, ABU: 0
2026-06-06 13:41:03.623: [INFO] BookmarkNodeAdded, ABU: 0
2026-06-06 13:41:03.623: [INFO] BookmarkNodeAdded, ABU: 0
2026-06-06 13:41:03.624: [INFO] BookmarkNodeAdded, ABU: 0
2026-06-06 13:41:03.625: [INFO] BookmarkNodeAdded, ABU: 0
2026-06-06 13:41:03.625: [INFO] BookmarkNodeAdded, ABU: 0
2026-06-06 13:41:03.626: [INFO] BookmarkNodeAdded, ABU: 0
2026-06-06 13:41:03.627: [INFO] BookmarkNodeAdded, ABU: 0
2026-06-06 13:41:03.627: [INFO] BookmarkNodeAdded, ABU: 0
2026-06-06 13:41:03.628: [INFO] BookmarkNodeAdded, ABU: 0
2026-06-06 13:41:03.629: [INFO] BookmarkNodeAdded, ABU: 0
2026-06-06 13:41:03.629: [INFO] BookmarkNodeAdded, ABU: 0
2026-06-06 13:41:03.630: [INFO] BookmarkNodeAdded, ABU: 0
2026-06-06 13:41:03.630: [INFO] BookmarkNodeAdded, ABU: 0
2026-06-06 13:41:03.631: [INFO] BookmarkNodeAdded, ABU: 0
2026-06-06 13:41:03.632: [INFO] BookmarkNodeAdded, ABU: 0
2026-06-06 13:41:03.633: [INFO] BookmarkNodeAdded, ABU: 0
2026-06-06 13:41:03.634: [INFO] BookmarkNodeAdded, ABU: 0
2026-06-06 13:41:03.634: [INFO] BookmarkNodeAdded, ABU: 0
2026-06-06 13:41:03.635: [INFO] BookmarkNodeAdded, ABU: 0
2026-06-06 13:41:03.636: [INFO] BookmarkNodeAdded, ABU: 0
2026-06-06 13:41:03.636: [INFO] BookmarkNodeAdded, ABU: 0
2026-06-06 13:41:03.636: [INFO] BookmarkNodeAdded, ABU: 0
2026-06-06 13:41:03.637: [INFO] BookmarkNodeAdded, ABU: 0
2026-06-06 13:41:03.637: [INFO] BookmarkNodeAdded, ABU: 0
2026-06-06 13:41:03.638: [INFO] BookmarkNodeAdded, ABU: 0
2026-06-06 13:41:03.638: [INFO] BookmarkNodeAdded, ABU: 0
2026-06-06 13:41:03.639: [INFO] BookmarkNodeAdded, ABU: 0
2026-06-06 13:41:03.639: [INFO] BookmarkNodeAdded, ABU: 0
2026-06-06 13:41:03.640: [INFO] BookmarkNodeAdded, ABU: 0
2026-06-06 13:41:03.641: [INFO] BookmarkNodeAdded, ABU: 0
2026-06-06 13:41:03.641: [INFO] BookmarkNodeAdded, ABU: 0
2026-06-06 13:41:03.642: [INFO] BookmarkNodeAdded, ABU: 0
2026-06-06 13:41:03.642: [INFO] BookmarkNodeAdded, ABU: 0
2026-06-06 13:41:03.643: [INFO] BookmarkNodeAdded, ABU: 0
2026-06-06 13:41:03.644: [INFO] BookmarkNodeAdded, ABU: 0
2026-06-06 13:41:16.665: [INFO] Sync initialization duration: 17010ms
2026-06-06 13:41:25.325: [INFO] VisibilityChanged: 0
2026-06-06 13:45:48.983: [INFO] OnDoneLoading sync enabled: 1
2026-06-06 13:45:49.505: [INFO] Sync initialization duration: 98ms
2026-06-10 02:52:45.891: [INFO] OnDoneLoading sync enabled: 1
2026-06-10 02:52:46.212: [INFO] Sync initialization duration: 59ms
